{"/Users/ygortorresgaleno/Documents/tests/ilia/src/domain/dtos/GetMonthReportInputDto.ts": {"path":"/Users/ygortorresgaleno/Documents/tests/ilia/src/domain/dtos/GetMonthReportInputDto.ts","all":false,"statementMap":{"0":{"start":{"line":1,"column":0},"end":{"line":1,"column":37}},"1":{"start":{"line":2,"column":0},"end":{"line":2,"column":19}},"2":{"start":{"line":3,"column":0},"end":{"line":3,"column":0}},"3":{"start":{"line":4,"column":0},"end":{"line":4,"column":61}},"4":{"start":{"line":5,"column":0},"end":{"line":5,"column":37}},"5":{"start":{"line":6,"column":0},"end":{"line":6,"column":2}},"6":{"start":{"line":7,"column":0},"end":{"line":7,"column":1}}},"s":{"0":1,"1":1,"2":1,"3":1,"4":8,"5":8,"6":1},"branchMap":{"0":{"type":"branch","line":4,"loc":{"start":{"line":4,"column":1},"end":{"line":6,"column":2}},"locations":[{"start":{"line":4,"column":1},"end":{"line":6,"column":2}}]}},"b":{"0":[8]},"fnMap":{"0":{"name":"GetMonthReportInputDto","decl":{"start":{"line":4,"column":1},"end":{"line":6,"column":2}},"loc":{"start":{"line":4,"column":1},"end":{"line":6,"column":2}},"line":4}},"f":{"0":8}}
,"/Users/ygortorresgaleno/Documents/tests/ilia/src/domain/dtos/GetMonthReportOutputDto.ts": {"path":"/Users/ygortorresgaleno/Documents/tests/ilia/src/domain/dtos/GetMonthReportOutputDto.ts","all":false,"statementMap":{"0":{"start":{"line":1,"column":0},"end":{"line":1,"column":54}},"1":{"start":{"line":2,"column":0},"end":{"line":2,"column":65}},"2":{"start":{"line":3,"column":0},"end":{"line":3,"column":0}},"3":{"start":{"line":4,"column":0},"end":{"line":4,"column":59}},"4":{"start":{"line":5,"column":0},"end":{"line":5,"column":19}},"5":{"start":{"line":6,"column":0},"end":{"line":6,"column":21}},"6":{"start":{"line":7,"column":0},"end":{"line":7,"column":23}},"7":{"start":{"line":8,"column":0},"end":{"line":8,"column":19}},"8":{"start":{"line":9,"column":0},"end":{"line":9,"column":40}},"9":{"start":{"line":10,"column":0},"end":{"line":10,"column":0}},"10":{"start":{"line":11,"column":0},"end":{"line":11,"column":62}},"11":{"start":{"line":12,"column":0},"end":{"line":12,"column":37}},"12":{"start":{"line":13,"column":0},"end":{"line":13,"column":41}},"13":{"start":{"line":14,"column":0},"end":{"line":14,"column":45}},"14":{"start":{"line":15,"column":0},"end":{"line":15,"column":37}},"15":{"start":{"line":16,"column":0},"end":{"line":16,"column":47}},"16":{"start":{"line":17,"column":0},"end":{"line":17,"column":2}},"17":{"start":{"line":18,"column":0},"end":{"line":18,"column":0}},"18":{"start":{"line":19,"column":0},"end":{"line":19,"column":34}},"19":{"start":{"line":20,"column":0},"end":{"line":20,"column":10}},"20":{"start":{"line":21,"column":0},"end":{"line":21,"column":26}},"21":{"start":{"line":22,"column":0},"end":{"line":22,"column":38}},"22":{"start":{"line":23,"column":0},"end":{"line":23,"column":39}},"23":{"start":{"line":24,"column":0},"end":{"line":24,"column":32}},"24":{"start":{"line":25,"column":0},"end":{"line":25,"column":86}},"25":{"start":{"line":26,"column":0},"end":{"line":26,"column":4}},"26":{"start":{"line":27,"column":0},"end":{"line":27,"column":2}},"27":{"start":{"line":28,"column":0},"end":{"line":28,"column":1}}},"s":{"0":1,"1":1,"2":1,"3":1,"4":1,"5":1,"6":1,"7":1,"8":1,"9":1,"10":1,"11":5,"12":5,"13":5,"14":5,"15":5,"16":5,"17":1,"18":1,"19":1,"20":1,"21":1,"22":1,"23":1,"24":1,"25":1,"26":1,"27":1},"branchMap":{"0":{"type":"branch","line":11,"loc":{"start":{"line":11,"column":1},"end":{"line":17,"column":2}},"locations":[{"start":{"line":11,"column":1},"end":{"line":17,"column":2}}]},"1":{"type":"branch","line":19,"loc":{"start":{"line":19,"column":1},"end":{"line":27,"column":2}},"locations":[{"start":{"line":19,"column":1},"end":{"line":27,"column":2}}]},"2":{"type":"branch","line":25,"loc":{"start":{"line":25,"column":40},"end":{"line":25,"column":84}},"locations":[{"start":{"line":25,"column":40},"end":{"line":25,"column":84}}]}},"b":{"0":[5],"1":[1],"2":[1]},"fnMap":{"0":{"name":"GetMonthReportOutputDto","decl":{"start":{"line":11,"column":1},"end":{"line":17,"column":2}},"loc":{"start":{"line":11,"column":1},"end":{"line":17,"column":2}},"line":11},"1":{"name":"get ptBr","decl":{"start":{"line":19,"column":1},"end":{"line":27,"column":2}},"loc":{"start":{"line":19,"column":1},"end":{"line":27,"column":2}},"line":19}},"f":{"0":5,"1":1}}
,"/Users/ygortorresgaleno/Documents/tests/ilia/src/domain/dtos/MonthReportDatabaseDto.ts": {"path":"/Users/ygortorresgaleno/Documents/tests/ilia/src/domain/dtos/MonthReportDatabaseDto.ts","all":false,"statementMap":{"0":{"start":{"line":1,"column":0},"end":{"line":1,"column":57}},"1":{"start":{"line":2,"column":0},"end":{"line":2,"column":37}},"2":{"start":{"line":3,"column":0},"end":{"line":3,"column":12}},"3":{"start":{"line":4,"column":0},"end":{"line":4,"column":20}},"4":{"start":{"line":5,"column":0},"end":{"line":5,"column":22}},"5":{"start":{"line":6,"column":0},"end":{"line":6,"column":24}},"6":{"start":{"line":7,"column":0},"end":{"line":7,"column":20}},"7":{"start":{"line":8,"column":0},"end":{"line":8,"column":14}},"8":{"start":{"line":9,"column":0},"end":{"line":9,"column":0}},"9":{"start":{"line":10,"column":0},"end":{"line":10,"column":61}},"10":{"start":{"line":11,"column":0},"end":{"line":11,"column":23}},"11":{"start":{"line":12,"column":0},"end":{"line":12,"column":39}},"12":{"start":{"line":13,"column":0},"end":{"line":13,"column":43}},"13":{"start":{"line":14,"column":0},"end":{"line":14,"column":47}},"14":{"start":{"line":15,"column":0},"end":{"line":15,"column":39}},"15":{"start":{"line":16,"column":0},"end":{"line":16,"column":27}},"16":{"start":{"line":17,"column":0},"end":{"line":17,"column":2}},"17":{"start":{"line":18,"column":0},"end":{"line":18,"column":1}}},"s":{"0":1,"1":1,"2":1,"3":1,"4":1,"5":1,"6":1,"7":1,"8":1,"9":1,"10":7,"11":7,"12":7,"13":7,"14":7,"15":7,"16":7,"17":1},"branchMap":{"0":{"type":"branch","line":10,"loc":{"start":{"line":10,"column":1},"end":{"line":17,"column":2}},"locations":[{"start":{"line":10,"column":1},"end":{"line":17,"column":2}}]}},"b":{"0":[7]},"fnMap":{"0":{"name":"MonthReportDatabaseDto","decl":{"start":{"line":10,"column":1},"end":{"line":17,"column":2}},"loc":{"start":{"line":10,"column":1},"end":{"line":17,"column":2}},"line":10}},"f":{"0":7}}
,"/Users/ygortorresgaleno/Documents/tests/ilia/src/domain/dtos/RegisterTimeSheetInputDto.ts": {"path":"/Users/ygortorresgaleno/Documents/tests/ilia/src/domain/dtos/RegisterTimeSheetInputDto.ts","all":false,"statementMap":{"0":{"start":{"line":1,"column":0},"end":{"line":1,"column":39}},"1":{"start":{"line":2,"column":0},"end":{"line":2,"column":16}},"2":{"start":{"line":3,"column":0},"end":{"line":3,"column":0}},"3":{"start":{"line":4,"column":0},"end":{"line":4,"column":63}},"4":{"start":{"line":5,"column":0},"end":{"line":5,"column":31}},"5":{"start":{"line":6,"column":0},"end":{"line":6,"column":2}},"6":{"start":{"line":7,"column":0},"end":{"line":7,"column":1}}},"s":{"0":1,"1":1,"2":1,"3":1,"4":13,"5":13,"6":1},"branchMap":{"0":{"type":"branch","line":4,"loc":{"start":{"line":4,"column":1},"end":{"line":6,"column":2}},"locations":[{"start":{"line":4,"column":1},"end":{"line":6,"column":2}}]}},"b":{"0":[13]},"fnMap":{"0":{"name":"RegisterTimeShetInputDto","decl":{"start":{"line":4,"column":1},"end":{"line":6,"column":2}},"loc":{"start":{"line":4,"column":1},"end":{"line":6,"column":2}},"line":4}},"f":{"0":13}}
,"/Users/ygortorresgaleno/Documents/tests/ilia/src/domain/dtos/RegisterTimeSheetOutputDto.ts": {"path":"/Users/ygortorresgaleno/Documents/tests/ilia/src/domain/dtos/RegisterTimeSheetOutputDto.ts","all":false,"statementMap":{"0":{"start":{"line":1,"column":0},"end":{"line":1,"column":54}},"1":{"start":{"line":2,"column":0},"end":{"line":2,"column":0}},"2":{"start":{"line":3,"column":0},"end":{"line":3,"column":62}},"3":{"start":{"line":4,"column":0},"end":{"line":4,"column":14}},"4":{"start":{"line":5,"column":0},"end":{"line":5,"column":17}},"5":{"start":{"line":6,"column":0},"end":{"line":6,"column":0}},"6":{"start":{"line":7,"column":0},"end":{"line":7,"column":65}},"7":{"start":{"line":8,"column":0},"end":{"line":8,"column":27}},"8":{"start":{"line":9,"column":0},"end":{"line":9,"column":29}},"9":{"start":{"line":10,"column":0},"end":{"line":10,"column":2}},"10":{"start":{"line":11,"column":0},"end":{"line":11,"column":0}},"11":{"start":{"line":12,"column":0},"end":{"line":12,"column":13}},"12":{"start":{"line":13,"column":0},"end":{"line":13,"column":10}},"13":{"start":{"line":14,"column":0},"end":{"line":14,"column":18}},"14":{"start":{"line":15,"column":0},"end":{"line":15,"column":22}},"15":{"start":{"line":16,"column":0},"end":{"line":16,"column":4}},"16":{"start":{"line":17,"column":0},"end":{"line":17,"column":2}},"17":{"start":{"line":18,"column":0},"end":{"line":18,"column":1}}},"s":{"0":1,"1":1,"2":1,"3":1,"4":1,"5":1,"6":1,"7":4,"8":4,"9":4,"10":1,"11":1,"12":1,"13":1,"14":1,"15":1,"16":1,"17":1},"branchMap":{"0":{"type":"branch","line":7,"loc":{"start":{"line":7,"column":1},"end":{"line":10,"column":2}},"locations":[{"start":{"line":7,"column":1},"end":{"line":10,"column":2}}]},"1":{"type":"branch","line":12,"loc":{"start":{"line":12,"column":1},"end":{"line":17,"column":2}},"locations":[{"start":{"line":12,"column":1},"end":{"line":17,"column":2}}]}},"b":{"0":[4],"1":[1]},"fnMap":{"0":{"name":"RegisterTimeSheetOutputDto","decl":{"start":{"line":7,"column":1},"end":{"line":10,"column":2}},"loc":{"start":{"line":7,"column":1},"end":{"line":10,"column":2}},"line":7},"1":{"name":"get ptBr","decl":{"start":{"line":12,"column":1},"end":{"line":17,"column":2}},"loc":{"start":{"line":12,"column":1},"end":{"line":17,"column":2}},"line":12}},"f":{"0":4,"1":1}}
,"/Users/ygortorresgaleno/Documents/tests/ilia/src/domain/dtos/TimeSheetDatabaseDto.ts": {"path":"/Users/ygortorresgaleno/Documents/tests/ilia/src/domain/dtos/TimeSheetDatabaseDto.ts","all":false,"statementMap":{"0":{"start":{"line":1,"column":0},"end":{"line":1,"column":57}},"1":{"start":{"line":2,"column":0},"end":{"line":2,"column":35}},"2":{"start":{"line":3,"column":0},"end":{"line":3,"column":12}},"3":{"start":{"line":4,"column":0},"end":{"line":4,"column":14}},"4":{"start":{"line":5,"column":0},"end":{"line":5,"column":17}},"5":{"start":{"line":6,"column":0},"end":{"line":6,"column":22}},"6":{"start":{"line":7,"column":0},"end":{"line":7,"column":0}},"7":{"start":{"line":8,"column":0},"end":{"line":8,"column":59}},"8":{"start":{"line":9,"column":0},"end":{"line":9,"column":23}},"9":{"start":{"line":10,"column":0},"end":{"line":10,"column":27}},"10":{"start":{"line":11,"column":0},"end":{"line":11,"column":29}},"11":{"start":{"line":12,"column":0},"end":{"line":12,"column":43}},"12":{"start":{"line":13,"column":0},"end":{"line":13,"column":2}},"13":{"start":{"line":14,"column":0},"end":{"line":14,"column":1}}},"s":{"0":1,"1":1,"2":1,"3":1,"4":1,"5":1,"6":1,"7":1,"8":13,"9":13,"10":13,"11":13,"12":13,"13":1},"branchMap":{"0":{"type":"branch","line":8,"loc":{"start":{"line":8,"column":1},"end":{"line":13,"column":2}},"locations":[{"start":{"line":8,"column":1},"end":{"line":13,"column":2}}]}},"b":{"0":[13]},"fnMap":{"0":{"name":"TimeSheetDatabaseDto","decl":{"start":{"line":8,"column":1},"end":{"line":13,"column":2}},"loc":{"start":{"line":8,"column":1},"end":{"line":13,"column":2}},"line":8}},"f":{"0":13}}
,"/Users/ygortorresgaleno/Documents/tests/ilia/src/domain/entities/MonthReport.ts": {"path":"/Users/ygortorresgaleno/Documents/tests/ilia/src/domain/entities/MonthReport.ts","all":false,"statementMap":{"0":{"start":{"line":1,"column":0},"end":{"line":1,"column":71}},"1":{"start":{"line":2,"column":0},"end":{"line":2,"column":43}},"2":{"start":{"line":3,"column":0},"end":{"line":3,"column":0}},"3":{"start":{"line":4,"column":0},"end":{"line":4,"column":41}},"4":{"start":{"line":5,"column":0},"end":{"line":5,"column":19}},"5":{"start":{"line":6,"column":0},"end":{"line":6,"column":21}},"6":{"start":{"line":7,"column":0},"end":{"line":7,"column":23}},"7":{"start":{"line":8,"column":0},"end":{"line":8,"column":19}},"8":{"start":{"line":9,"column":0},"end":{"line":9,"column":14}},"9":{"start":{"line":10,"column":0},"end":{"line":10,"column":0}},"10":{"start":{"line":11,"column":0},"end":{"line":11,"column":57}},"11":{"start":{"line":12,"column":0},"end":{"line":12,"column":10}},"12":{"start":{"line":13,"column":0},"end":{"line":13,"column":37}},"13":{"start":{"line":14,"column":0},"end":{"line":14,"column":41}},"14":{"start":{"line":15,"column":0},"end":{"line":15,"column":45}},"15":{"start":{"line":16,"column":0},"end":{"line":16,"column":37}},"16":{"start":{"line":17,"column":0},"end":{"line":17,"column":27}},"17":{"start":{"line":18,"column":0},"end":{"line":18,"column":2}},"18":{"start":{"line":19,"column":0},"end":{"line":19,"column":0}},"19":{"start":{"line":20,"column":0},"end":{"line":20,"column":20}},"20":{"start":{"line":21,"column":0},"end":{"line":21,"column":40}},"21":{"start":{"line":22,"column":0},"end":{"line":22,"column":29}},"22":{"start":{"line":23,"column":0},"end":{"line":23,"column":33}},"23":{"start":{"line":24,"column":0},"end":{"line":24,"column":37}},"24":{"start":{"line":25,"column":0},"end":{"line":25,"column":29}},"25":{"start":{"line":26,"column":0},"end":{"line":26,"column":19}},"26":{"start":{"line":27,"column":0},"end":{"line":27,"column":5}},"27":{"start":{"line":28,"column":0},"end":{"line":28,"column":2}},"28":{"start":{"line":29,"column":0},"end":{"line":29,"column":1}}},"s":{"0":1,"1":1,"2":1,"3":1,"4":1,"5":1,"6":1,"7":1,"8":1,"9":1,"10":1,"11":4,"12":4,"13":4,"14":4,"15":4,"16":4,"17":4,"18":1,"19":1,"20":2,"21":2,"22":2,"23":2,"24":2,"25":2,"26":2,"27":2,"28":1},"branchMap":{"0":{"type":"branch","line":11,"loc":{"start":{"line":11,"column":1},"end":{"line":18,"column":2}},"locations":[{"start":{"line":11,"column":1},"end":{"line":18,"column":2}}]},"1":{"type":"branch","line":20,"loc":{"start":{"line":20,"column":1},"end":{"line":28,"column":2}},"locations":[{"start":{"line":20,"column":1},"end":{"line":28,"column":2}}]}},"b":{"0":[4],"1":[2]},"fnMap":{"0":{"name":"MonthReport","decl":{"start":{"line":11,"column":1},"end":{"line":18,"column":2}},"loc":{"start":{"line":11,"column":1},"end":{"line":18,"column":2}},"line":11},"1":{"name":"get toSnakeCase","decl":{"start":{"line":20,"column":1},"end":{"line":28,"column":2}},"loc":{"start":{"line":20,"column":1},"end":{"line":28,"column":2}},"line":20}},"f":{"0":4,"1":2}}
,"/Users/ygortorresgaleno/Documents/tests/ilia/src/domain/entities/TimeSheet.ts": {"path":"/Users/ygortorresgaleno/Documents/tests/ilia/src/domain/entities/TimeSheet.ts","all":false,"statementMap":{"0":{"start":{"line":1,"column":0},"end":{"line":1,"column":43}},"1":{"start":{"line":2,"column":0},"end":{"line":2,"column":0}},"2":{"start":{"line":3,"column":0},"end":{"line":3,"column":39}},"3":{"start":{"line":4,"column":0},"end":{"line":4,"column":14}},"4":{"start":{"line":5,"column":0},"end":{"line":5,"column":17}},"5":{"start":{"line":6,"column":0},"end":{"line":6,"column":21}},"6":{"start":{"line":7,"column":0},"end":{"line":7,"column":0}},"7":{"start":{"line":8,"column":0},"end":{"line":8,"column":55}},"8":{"start":{"line":9,"column":0},"end":{"line":9,"column":10}},"9":{"start":{"line":10,"column":0},"end":{"line":10,"column":27}},"10":{"start":{"line":11,"column":0},"end":{"line":11,"column":29}},"11":{"start":{"line":12,"column":0},"end":{"line":12,"column":41}},"12":{"start":{"line":13,"column":0},"end":{"line":13,"column":2}},"13":{"start":{"line":14,"column":0},"end":{"line":14,"column":0}},"14":{"start":{"line":15,"column":0},"end":{"line":15,"column":20}},"15":{"start":{"line":16,"column":0},"end":{"line":16,"column":40}},"16":{"start":{"line":17,"column":0},"end":{"line":17,"column":19}},"17":{"start":{"line":18,"column":0},"end":{"line":18,"column":21}},"18":{"start":{"line":19,"column":0},"end":{"line":19,"column":33}},"19":{"start":{"line":20,"column":0},"end":{"line":20,"column":5}},"20":{"start":{"line":21,"column":0},"end":{"line":21,"column":2}},"21":{"start":{"line":22,"column":0},"end":{"line":22,"column":1}}},"s":{"0":1,"1":1,"2":1,"3":1,"4":1,"5":1,"6":1,"7":1,"8":3,"9":3,"10":3,"11":3,"12":3,"13":1,"14":1,"15":1,"16":1,"17":1,"18":1,"19":1,"20":1,"21":1},"branchMap":{"0":{"type":"branch","line":8,"loc":{"start":{"line":8,"column":1},"end":{"line":13,"column":2}},"locations":[{"start":{"line":8,"column":1},"end":{"line":13,"column":2}}]},"1":{"type":"branch","line":15,"loc":{"start":{"line":15,"column":1},"end":{"line":21,"column":2}},"locations":[{"start":{"line":15,"column":1},"end":{"line":21,"column":2}}]}},"b":{"0":[3],"1":[1]},"fnMap":{"0":{"name":"TimeSheet","decl":{"start":{"line":8,"column":1},"end":{"line":13,"column":2}},"loc":{"start":{"line":8,"column":1},"end":{"line":13,"column":2}},"line":8},"1":{"name":"get toSnakeCase","decl":{"start":{"line":15,"column":1},"end":{"line":21,"column":2}},"loc":{"start":{"line":15,"column":1},"end":{"line":21,"column":2}},"line":15}},"f":{"0":3,"1":1}}
,"/Users/ygortorresgaleno/Documents/tests/ilia/src/domain/errors/InvalidDay.ts": {"path":"/Users/ygortorresgaleno/Documents/tests/ilia/src/domain/errors/InvalidDay.ts","all":false,"statementMap":{"0":{"start":{"line":1,"column":0},"end":{"line":1,"column":58}},"1":{"start":{"line":2,"column":0},"end":{"line":2,"column":0}},"2":{"start":{"line":3,"column":0},"end":{"line":3,"column":62}},"3":{"start":{"line":4,"column":0},"end":{"line":4,"column":16}},"4":{"start":{"line":5,"column":0},"end":{"line":5,"column":68}},"5":{"start":{"line":6,"column":0},"end":{"line":6,"column":2}},"6":{"start":{"line":7,"column":0},"end":{"line":7,"column":0}},"7":{"start":{"line":8,"column":0},"end":{"line":8,"column":13}},"8":{"start":{"line":9,"column":0},"end":{"line":9,"column":68}},"9":{"start":{"line":10,"column":0},"end":{"line":10,"column":2}},"10":{"start":{"line":11,"column":0},"end":{"line":11,"column":1}}},"s":{"0":1,"1":1,"2":1,"3":1,"4":2,"5":2,"6":1,"7":1,"8":2,"9":2,"10":1},"branchMap":{"0":{"type":"branch","line":4,"loc":{"start":{"line":4,"column":1},"end":{"line":6,"column":2}},"locations":[{"start":{"line":4,"column":1},"end":{"line":6,"column":2}}]},"1":{"type":"branch","line":8,"loc":{"start":{"line":8,"column":1},"end":{"line":10,"column":2}},"locations":[{"start":{"line":8,"column":1},"end":{"line":10,"column":2}}]}},"b":{"0":[2],"1":[2]},"fnMap":{"0":{"name":"InvalidDay","decl":{"start":{"line":4,"column":1},"end":{"line":6,"column":2}},"loc":{"start":{"line":4,"column":1},"end":{"line":6,"column":2}},"line":4},"1":{"name":"get ptBr","decl":{"start":{"line":8,"column":1},"end":{"line":10,"column":2}},"loc":{"start":{"line":8,"column":1},"end":{"line":10,"column":2}},"line":8}},"f":{"0":2,"1":2}}
,"/Users/ygortorresgaleno/Documents/tests/ilia/src/domain/errors/InvalidFormat.ts": {"path":"/Users/ygortorresgaleno/Documents/tests/ilia/src/domain/errors/InvalidFormat.ts","all":false,"statementMap":{"0":{"start":{"line":1,"column":0},"end":{"line":1,"column":58}},"1":{"start":{"line":2,"column":0},"end":{"line":2,"column":0}},"2":{"start":{"line":3,"column":0},"end":{"line":3,"column":65}},"3":{"start":{"line":4,"column":0},"end":{"line":4,"column":55}},"4":{"start":{"line":5,"column":0},"end":{"line":5,"column":0}},"5":{"start":{"line":6,"column":0},"end":{"line":6,"column":52}},"6":{"start":{"line":7,"column":0},"end":{"line":7,"column":41}},"7":{"start":{"line":8,"column":0},"end":{"line":8,"column":21}},"8":{"start":{"line":9,"column":0},"end":{"line":9,"column":2}},"9":{"start":{"line":10,"column":0},"end":{"line":10,"column":0}},"10":{"start":{"line":11,"column":0},"end":{"line":11,"column":13}},"11":{"start":{"line":12,"column":0},"end":{"line":12,"column":50}},"12":{"start":{"line":13,"column":0},"end":{"line":13,"column":2}},"13":{"start":{"line":14,"column":0},"end":{"line":14,"column":1}}},"s":{"0":1,"1":1,"2":1,"3":1,"4":1,"5":1,"6":8,"7":8,"8":8,"9":1,"10":1,"11":8,"12":8,"13":1},"branchMap":{"0":{"type":"branch","line":6,"loc":{"start":{"line":6,"column":1},"end":{"line":9,"column":2}},"locations":[{"start":{"line":6,"column":1},"end":{"line":9,"column":2}}]},"1":{"type":"branch","line":11,"loc":{"start":{"line":11,"column":1},"end":{"line":13,"column":2}},"locations":[{"start":{"line":11,"column":1},"end":{"line":13,"column":2}}]}},"b":{"0":[8],"1":[8]},"fnMap":{"0":{"name":"InvalidFormat","decl":{"start":{"line":6,"column":1},"end":{"line":9,"column":2}},"loc":{"start":{"line":6,"column":1},"end":{"line":9,"column":2}},"line":6},"1":{"name":"get ptBr","decl":{"start":{"line":11,"column":1},"end":{"line":13,"column":2}},"loc":{"start":{"line":11,"column":1},"end":{"line":13,"column":2}},"line":11}},"f":{"0":8,"1":8}}
,"/Users/ygortorresgaleno/Documents/tests/ilia/src/domain/errors/InvalidHourGap.ts": {"path":"/Users/ygortorresgaleno/Documents/tests/ilia/src/domain/errors/InvalidHourGap.ts","all":false,"statementMap":{"0":{"start":{"line":1,"column":0},"end":{"line":1,"column":58}},"1":{"start":{"line":2,"column":0},"end":{"line":2,"column":0}},"2":{"start":{"line":3,"column":0},"end":{"line":3,"column":66}},"3":{"start":{"line":4,"column":0},"end":{"line":4,"column":16}},"4":{"start":{"line":5,"column":0},"end":{"line":5,"column":50}},"5":{"start":{"line":6,"column":0},"end":{"line":6,"column":2}},"6":{"start":{"line":7,"column":0},"end":{"line":7,"column":0}},"7":{"start":{"line":8,"column":0},"end":{"line":8,"column":13}},"8":{"start":{"line":9,"column":0},"end":{"line":9,"column":49}},"9":{"start":{"line":10,"column":0},"end":{"line":10,"column":2}},"10":{"start":{"line":11,"column":0},"end":{"line":11,"column":1}}},"s":{"0":1,"1":1,"2":1,"3":1,"4":2,"5":2,"6":1,"7":1,"8":2,"9":2,"10":1},"branchMap":{"0":{"type":"branch","line":4,"loc":{"start":{"line":4,"column":1},"end":{"line":6,"column":2}},"locations":[{"start":{"line":4,"column":1},"end":{"line":6,"column":2}}]},"1":{"type":"branch","line":8,"loc":{"start":{"line":8,"column":1},"end":{"line":10,"column":2}},"locations":[{"start":{"line":8,"column":1},"end":{"line":10,"column":2}}]}},"b":{"0":[2],"1":[2]},"fnMap":{"0":{"name":"InvalidHourGap","decl":{"start":{"line":4,"column":1},"end":{"line":6,"column":2}},"loc":{"start":{"line":4,"column":1},"end":{"line":6,"column":2}},"line":4},"1":{"name":"get ptBr","decl":{"start":{"line":8,"column":1},"end":{"line":10,"column":2}},"loc":{"start":{"line":8,"column":1},"end":{"line":10,"column":2}},"line":8}},"f":{"0":2,"1":2}}
,"/Users/ygortorresgaleno/Documents/tests/ilia/src/domain/errors/ReportNotFound.ts": {"path":"/Users/ygortorresgaleno/Documents/tests/ilia/src/domain/errors/ReportNotFound.ts","all":false,"statementMap":{"0":{"start":{"line":1,"column":0},"end":{"line":1,"column":58}},"1":{"start":{"line":2,"column":0},"end":{"line":2,"column":0}},"2":{"start":{"line":3,"column":0},"end":{"line":3,"column":66}},"3":{"start":{"line":4,"column":0},"end":{"line":4,"column":16}},"4":{"start":{"line":5,"column":0},"end":{"line":5,"column":28}},"5":{"start":{"line":6,"column":0},"end":{"line":6,"column":2}},"6":{"start":{"line":7,"column":0},"end":{"line":7,"column":0}},"7":{"start":{"line":8,"column":0},"end":{"line":8,"column":13}},"8":{"start":{"line":9,"column":0},"end":{"line":9,"column":36}},"9":{"start":{"line":10,"column":0},"end":{"line":10,"column":2}},"10":{"start":{"line":11,"column":0},"end":{"line":11,"column":1}}},"s":{"0":1,"1":1,"2":1,"3":1,"4":2,"5":2,"6":1,"7":1,"8":2,"9":2,"10":1},"branchMap":{"0":{"type":"branch","line":4,"loc":{"start":{"line":4,"column":1},"end":{"line":6,"column":2}},"locations":[{"start":{"line":4,"column":1},"end":{"line":6,"column":2}}]},"1":{"type":"branch","line":8,"loc":{"start":{"line":8,"column":1},"end":{"line":10,"column":2}},"locations":[{"start":{"line":8,"column":1},"end":{"line":10,"column":2}}]}},"b":{"0":[2],"1":[2]},"fnMap":{"0":{"name":"ReportNotFound","decl":{"start":{"line":4,"column":1},"end":{"line":6,"column":2}},"loc":{"start":{"line":4,"column":1},"end":{"line":6,"column":2}},"line":4},"1":{"name":"get ptBr","decl":{"start":{"line":8,"column":1},"end":{"line":10,"column":2}},"loc":{"start":{"line":8,"column":1},"end":{"line":10,"column":2}},"line":8}},"f":{"0":2,"1":2}}
,"/Users/ygortorresgaleno/Documents/tests/ilia/src/domain/errors/ScheduleAlreadyRegistered.ts": {"path":"/Users/ygortorresgaleno/Documents/tests/ilia/src/domain/errors/ScheduleAlreadyRegistered.ts","all":false,"statementMap":{"0":{"start":{"line":1,"column":0},"end":{"line":1,"column":58}},"1":{"start":{"line":2,"column":0},"end":{"line":2,"column":0}},"2":{"start":{"line":3,"column":0},"end":{"line":3,"column":77}},"3":{"start":{"line":4,"column":0},"end":{"line":4,"column":16}},"4":{"start":{"line":5,"column":0},"end":{"line":5,"column":39}},"5":{"start":{"line":6,"column":0},"end":{"line":6,"column":2}},"6":{"start":{"line":7,"column":0},"end":{"line":7,"column":0}},"7":{"start":{"line":8,"column":0},"end":{"line":8,"column":13}},"8":{"start":{"line":9,"column":0},"end":{"line":9,"column":33}},"9":{"start":{"line":10,"column":0},"end":{"line":10,"column":2}},"10":{"start":{"line":11,"column":0},"end":{"line":11,"column":1}}},"s":{"0":1,"1":1,"2":1,"3":1,"4":2,"5":2,"6":1,"7":1,"8":2,"9":2,"10":1},"branchMap":{"0":{"type":"branch","line":4,"loc":{"start":{"line":4,"column":1},"end":{"line":6,"column":2}},"locations":[{"start":{"line":4,"column":1},"end":{"line":6,"column":2}}]},"1":{"type":"branch","line":8,"loc":{"start":{"line":8,"column":1},"end":{"line":10,"column":2}},"locations":[{"start":{"line":8,"column":1},"end":{"line":10,"column":2}}]}},"b":{"0":[2],"1":[2]},"fnMap":{"0":{"name":"ScheduleAlreadyRegistered","decl":{"start":{"line":4,"column":1},"end":{"line":6,"column":2}},"loc":{"start":{"line":4,"column":1},"end":{"line":6,"column":2}},"line":4},"1":{"name":"get ptBr","decl":{"start":{"line":8,"column":1},"end":{"line":10,"column":2}},"loc":{"start":{"line":8,"column":1},"end":{"line":10,"column":2}},"line":8}},"f":{"0":2,"1":2}}
,"/Users/ygortorresgaleno/Documents/tests/ilia/src/domain/errors/ScheduleLimit.ts": {"path":"/Users/ygortorresgaleno/Documents/tests/ilia/src/domain/errors/ScheduleLimit.ts","all":false,"statementMap":{"0":{"start":{"line":1,"column":0},"end":{"line":1,"column":58}},"1":{"start":{"line":2,"column":0},"end":{"line":2,"column":0}},"2":{"start":{"line":3,"column":0},"end":{"line":3,"column":65}},"3":{"start":{"line":4,"column":0},"end":{"line":4,"column":16}},"4":{"start":{"line":5,"column":0},"end":{"line":5,"column":53}},"5":{"start":{"line":6,"column":0},"end":{"line":6,"column":2}},"6":{"start":{"line":7,"column":0},"end":{"line":7,"column":0}},"7":{"start":{"line":8,"column":0},"end":{"line":8,"column":13}},"8":{"start":{"line":9,"column":0},"end":{"line":9,"column":59}},"9":{"start":{"line":10,"column":0},"end":{"line":10,"column":2}},"10":{"start":{"line":11,"column":0},"end":{"line":11,"column":1}}},"s":{"0":1,"1":1,"2":1,"3":1,"4":2,"5":2,"6":1,"7":1,"8":2,"9":2,"10":1},"branchMap":{"0":{"type":"branch","line":4,"loc":{"start":{"line":4,"column":1},"end":{"line":6,"column":2}},"locations":[{"start":{"line":4,"column":1},"end":{"line":6,"column":2}}]},"1":{"type":"branch","line":8,"loc":{"start":{"line":8,"column":1},"end":{"line":10,"column":2}},"locations":[{"start":{"line":8,"column":1},"end":{"line":10,"column":2}}]}},"b":{"0":[2],"1":[2]},"fnMap":{"0":{"name":"ScheduleLimit","decl":{"start":{"line":4,"column":1},"end":{"line":6,"column":2}},"loc":{"start":{"line":4,"column":1},"end":{"line":6,"column":2}},"line":4},"1":{"name":"get ptBr","decl":{"start":{"line":8,"column":1},"end":{"line":10,"column":2}},"loc":{"start":{"line":8,"column":1},"end":{"line":10,"column":2}},"line":8}},"f":{"0":2,"1":2}}
,"/Users/ygortorresgaleno/Documents/tests/ilia/src/domain/protocols/Entity.ts": {"path":"/Users/ygortorresgaleno/Documents/tests/ilia/src/domain/protocols/Entity.ts","all":false,"statementMap":{"0":{"start":{"line":1,"column":0},"end":{"line":1,"column":30}},"1":{"start":{"line":2,"column":0},"end":{"line":2,"column":87}},"2":{"start":{"line":3,"column":0},"end":{"line":3,"column":28}},"3":{"start":{"line":4,"column":0},"end":{"line":4,"column":17}},"4":{"start":{"line":5,"column":0},"end":{"line":5,"column":90}},"5":{"start":{"line":6,"column":0},"end":{"line":6,"column":6}},"6":{"start":{"line":7,"column":0},"end":{"line":7,"column":49}},"7":{"start":{"line":8,"column":0},"end":{"line":8,"column":2}},"8":{"start":{"line":9,"column":0},"end":{"line":9,"column":1}}},"s":{"0":1,"1":1,"2":3,"3":3,"4":13,"5":3,"6":3,"7":3,"8":1},"branchMap":{"0":{"type":"branch","line":2,"loc":{"start":{"line":2,"column":11},"end":{"line":8,"column":2}},"locations":[{"start":{"line":2,"column":11},"end":{"line":8,"column":2}}]},"1":{"type":"branch","line":4,"loc":{"start":{"line":4,"column":8},"end":{"line":6,"column":5}},"locations":[{"start":{"line":4,"column":8},"end":{"line":6,"column":5}}]},"2":{"type":"branch","line":5,"loc":{"start":{"line":5,"column":29},"end":{"line":5,"column":63}},"locations":[{"start":{"line":5,"column":29},"end":{"line":5,"column":63}}]},"3":{"type":"branch","line":7,"loc":{"start":{"line":7,"column":11},"end":{"line":7,"column":43}},"locations":[{"start":{"line":7,"column":11},"end":{"line":7,"column":43}}]}},"b":{"0":[3],"1":[13],"2":[9],"3":[13]},"fnMap":{"0":{"name":"convertFieldsToSnakeCase","decl":{"start":{"line":2,"column":11},"end":{"line":8,"column":2}},"loc":{"start":{"line":2,"column":11},"end":{"line":8,"column":2}},"line":2}},"f":{"0":3}}
,"/Users/ygortorresgaleno/Documents/tests/ilia/src/domain/services/GetMonthReport.ts": {"path":"/Users/ygortorresgaleno/Documents/tests/ilia/src/domain/services/GetMonthReport.ts","all":false,"statementMap":{"0":{"start":{"line":1,"column":0},"end":{"line":1,"column":0}},"1":{"start":{"line":2,"column":0},"end":{"line":2,"column":28}},"2":{"start":{"line":3,"column":0},"end":{"line":3,"column":75}},"3":{"start":{"line":4,"column":0},"end":{"line":4,"column":72}},"4":{"start":{"line":5,"column":0},"end":{"line":5,"column":71}},"5":{"start":{"line":6,"column":0},"end":{"line":6,"column":52}},"6":{"start":{"line":7,"column":0},"end":{"line":7,"column":56}},"7":{"start":{"line":8,"column":0},"end":{"line":8,"column":60}},"8":{"start":{"line":9,"column":0},"end":{"line":9,"column":78}},"9":{"start":{"line":10,"column":0},"end":{"line":10,"column":50}},"10":{"start":{"line":11,"column":0},"end":{"line":11,"column":74}},"11":{"start":{"line":12,"column":0},"end":{"line":12,"column":70}},"12":{"start":{"line":13,"column":0},"end":{"line":13,"column":0}},"13":{"start":{"line":14,"column":0},"end":{"line":14,"column":21}},"14":{"start":{"line":15,"column":0},"end":{"line":15,"column":31}},"15":{"start":{"line":16,"column":0},"end":{"line":16,"column":46}},"16":{"start":{"line":17,"column":0},"end":{"line":17,"column":42}},"17":{"start":{"line":18,"column":0},"end":{"line":18,"column":2}},"18":{"start":{"line":19,"column":0},"end":{"line":19,"column":0}},"19":{"start":{"line":20,"column":0},"end":{"line":20,"column":97}},"20":{"start":{"line":21,"column":0},"end":{"line":21,"column":59}},"21":{"start":{"line":22,"column":0},"end":{"line":22,"column":0}},"22":{"start":{"line":23,"column":0},"end":{"line":23,"column":83}},"23":{"start":{"line":24,"column":0},"end":{"line":24,"column":68}},"24":{"start":{"line":25,"column":0},"end":{"line":25,"column":105}},"25":{"start":{"line":26,"column":0},"end":{"line":26,"column":0}},"26":{"start":{"line":27,"column":0},"end":{"line":27,"column":107}},"27":{"start":{"line":28,"column":0},"end":{"line":28,"column":65}},"28":{"start":{"line":29,"column":0},"end":{"line":29,"column":138}},"29":{"start":{"line":30,"column":0},"end":{"line":30,"column":39}},"30":{"start":{"line":31,"column":0},"end":{"line":31,"column":14}},"31":{"start":{"line":32,"column":0},"end":{"line":32,"column":18}},"32":{"start":{"line":33,"column":0},"end":{"line":33,"column":14}},"33":{"start":{"line":34,"column":0},"end":{"line":34,"column":16}},"34":{"start":{"line":35,"column":0},"end":{"line":35,"column":34}},"35":{"start":{"line":36,"column":0},"end":{"line":36,"column":6}},"36":{"start":{"line":37,"column":0},"end":{"line":37,"column":3}},"37":{"start":{"line":38,"column":0},"end":{"line":38,"column":0}},"38":{"start":{"line":39,"column":0},"end":{"line":39,"column":63}},"39":{"start":{"line":40,"column":0},"end":{"line":40,"column":65}},"40":{"start":{"line":41,"column":0},"end":{"line":41,"column":57}},"41":{"start":{"line":42,"column":0},"end":{"line":42,"column":0}},"42":{"start":{"line":43,"column":0},"end":{"line":43,"column":39}},"43":{"start":{"line":44,"column":0},"end":{"line":44,"column":32}},"44":{"start":{"line":45,"column":0},"end":{"line":45,"column":33}},"45":{"start":{"line":46,"column":0},"end":{"line":46,"column":24}},"46":{"start":{"line":47,"column":0},"end":{"line":47,"column":17}},"47":{"start":{"line":48,"column":0},"end":{"line":48,"column":13}},"48":{"start":{"line":49,"column":0},"end":{"line":49,"column":5}},"49":{"start":{"line":50,"column":0},"end":{"line":50,"column":0}},"50":{"start":{"line":51,"column":0},"end":{"line":51,"column":65}},"51":{"start":{"line":52,"column":0},"end":{"line":52,"column":74}},"52":{"start":{"line":53,"column":0},"end":{"line":53,"column":87}},"53":{"start":{"line":54,"column":0},"end":{"line":54,"column":10}},"54":{"start":{"line":55,"column":0},"end":{"line":55,"column":68}},"55":{"start":{"line":56,"column":0},"end":{"line":56,"column":3}},"56":{"start":{"line":57,"column":0},"end":{"line":57,"column":0}},"57":{"start":{"line":58,"column":0},"end":{"line":58,"column":38}},"58":{"start":{"line":59,"column":0},"end":{"line":59,"column":18}},"59":{"start":{"line":60,"column":0},"end":{"line":60,"column":33}},"60":{"start":{"line":61,"column":0},"end":{"line":61,"column":5}},"61":{"start":{"line":62,"column":0},"end":{"line":62,"column":2}},"62":{"start":{"line":63,"column":0},"end":{"line":63,"column":0}},"63":{"start":{"line":64,"column":0},"end":{"line":64,"column":82}},"64":{"start":{"line":65,"column":0},"end":{"line":65,"column":85}},"65":{"start":{"line":66,"column":0},"end":{"line":66,"column":30}},"66":{"start":{"line":67,"column":0},"end":{"line":67,"column":30}},"67":{"start":{"line":68,"column":0},"end":{"line":68,"column":3}},"68":{"start":{"line":69,"column":0},"end":{"line":69,"column":0}},"69":{"start":{"line":70,"column":0},"end":{"line":70,"column":23}},"70":{"start":{"line":71,"column":0},"end":{"line":71,"column":2}},"71":{"start":{"line":72,"column":0},"end":{"line":72,"column":0}},"72":{"start":{"line":73,"column":0},"end":{"line":73,"column":73}},"73":{"start":{"line":74,"column":0},"end":{"line":74,"column":22}},"74":{"start":{"line":75,"column":0},"end":{"line":75,"column":28}},"75":{"start":{"line":76,"column":0},"end":{"line":76,"column":11}},"76":{"start":{"line":77,"column":0},"end":{"line":77,"column":70}},"77":{"start":{"line":78,"column":0},"end":{"line":78,"column":15}},"78":{"start":{"line":79,"column":0},"end":{"line":79,"column":5}},"79":{"start":{"line":80,"column":0},"end":{"line":80,"column":2}},"80":{"start":{"line":81,"column":0},"end":{"line":81,"column":0}},"81":{"start":{"line":82,"column":0},"end":{"line":82,"column":62}},"82":{"start":{"line":83,"column":0},"end":{"line":83,"column":54}},"83":{"start":{"line":84,"column":0},"end":{"line":84,"column":91}},"84":{"start":{"line":85,"column":0},"end":{"line":85,"column":3}},"85":{"start":{"line":86,"column":0},"end":{"line":86,"column":0}},"86":{"start":{"line":87,"column":0},"end":{"line":87,"column":20}},"87":{"start":{"line":88,"column":0},"end":{"line":88,"column":2}},"88":{"start":{"line":89,"column":0},"end":{"line":89,"column":0}},"89":{"start":{"line":90,"column":0},"end":{"line":90,"column":58}},"90":{"start":{"line":91,"column":0},"end":{"line":91,"column":53}},"91":{"start":{"line":92,"column":0},"end":{"line":92,"column":91}},"92":{"start":{"line":93,"column":0},"end":{"line":93,"column":3}},"93":{"start":{"line":94,"column":0},"end":{"line":94,"column":0}},"94":{"start":{"line":95,"column":0},"end":{"line":95,"column":20}},"95":{"start":{"line":96,"column":0},"end":{"line":96,"column":2}},"96":{"start":{"line":97,"column":0},"end":{"line":97,"column":1}}},"s":{"0":1,"1":1,"2":1,"3":1,"4":1,"5":1,"6":1,"7":1,"8":1,"9":1,"10":1,"11":1,"12":1,"13":1,"14":1,"15":1,"16":1,"17":1,"18":1,"19":1,"20":1,"21":1,"22":1,"23":6,"24":5,"25":5,"26":5,"27":6,"28":1,"29":1,"30":1,"31":1,"32":1,"33":1,"34":1,"35":1,"36":1,"37":4,"38":4,"39":4,"40":4,"41":4,"42":4,"43":4,"44":4,"45":4,"46":4,"47":4,"48":4,"49":4,"50":6,"51":2,"52":2,"53":2,"54":2,"55":2,"56":4,"57":4,"58":4,"59":4,"60":4,"61":4,"62":1,"63":1,"64":6,"65":6,"66":1,"67":1,"68":5,"69":5,"70":5,"71":1,"72":1,"73":4,"74":4,"75":4,"76":4,"77":4,"78":4,"79":4,"80":1,"81":1,"82":4,"83":1,"84":1,"85":3,"86":3,"87":3,"88":1,"89":1,"90":4,"91":3,"92":3,"93":1,"94":1,"95":1,"96":1},"branchMap":{"0":{"type":"branch","line":21,"loc":{"start":{"line":21,"column":1},"end":{"line":21,"column":59}},"locations":[{"start":{"line":21,"column":1},"end":{"line":21,"column":59}}]},"1":{"type":"branch","line":23,"loc":{"start":{"line":23,"column":7},"end":{"line":62,"column":2}},"locations":[{"start":{"line":23,"column":7},"end":{"line":62,"column":2}}]},"2":{"type":"branch","line":25,"loc":{"start":{"line":25,"column":-1},"end":{"line":28,"column":24}},"locations":[{"start":{"line":25,"column":-1},"end":{"line":28,"column":24}}]},"3":{"type":"branch","line":28,"loc":{"start":{"line":28,"column":20},"end":{"line":28,"column":62}},"locations":[{"start":{"line":28,"column":20},"end":{"line":28,"column":62}}]},"4":{"type":"branch","line":28,"loc":{"start":{"line":28,"column":64},"end":{"line":37,"column":3}},"locations":[{"start":{"line":28,"column":64},"end":{"line":37,"column":3}}]},"5":{"type":"branch","line":38,"loc":{"start":{"line":38,"column":-1},"end":{"line":51,"column":24}},"locations":[{"start":{"line":38,"column":-1},"end":{"line":51,"column":24}}]},"6":{"type":"branch","line":51,"loc":{"start":{"line":51,"column":20},"end":{"line":51,"column":62}},"locations":[{"start":{"line":51,"column":20},"end":{"line":51,"column":62}}]},"7":{"type":"branch","line":51,"loc":{"start":{"line":51,"column":64},"end":{"line":56,"column":3}},"locations":[{"start":{"line":51,"column":64},"end":{"line":56,"column":3}}]},"8":{"type":"branch","line":57,"loc":{"start":{"line":57,"column":-1},"end":{"line":62,"column":2}},"locations":[{"start":{"line":57,"column":-1},"end":{"line":62,"column":2}}]},"9":{"type":"branch","line":64,"loc":{"start":{"line":64,"column":15},"end":{"line":71,"column":2}},"locations":[{"start":{"line":64,"column":15},"end":{"line":71,"column":2}}]},"10":{"type":"branch","line":66,"loc":{"start":{"line":66,"column":29},"end":{"line":68,"column":3}},"locations":[{"start":{"line":66,"column":29},"end":{"line":68,"column":3}}]},"11":{"type":"branch","line":69,"loc":{"start":{"line":69,"column":-1},"end":{"line":71,"column":2}},"locations":[{"start":{"line":69,"column":-1},"end":{"line":71,"column":2}}]},"12":{"type":"branch","line":73,"loc":{"start":{"line":73,"column":9},"end":{"line":80,"column":2}},"locations":[{"start":{"line":73,"column":9},"end":{"line":80,"column":2}}]},"13":{"type":"branch","line":75,"loc":{"start":{"line":75,"column":8},"end":{"line":75,"column":27}},"locations":[{"start":{"line":75,"column":8},"end":{"line":75,"column":27}}]},"14":{"type":"branch","line":77,"loc":{"start":{"line":77,"column":4},"end":{"line":77,"column":69}},"locations":[{"start":{"line":77,"column":4},"end":{"line":77,"column":69}}]},"15":{"type":"branch","line":82,"loc":{"start":{"line":82,"column":9},"end":{"line":88,"column":2}},"locations":[{"start":{"line":82,"column":9},"end":{"line":88,"column":2}}]},"16":{"type":"branch","line":83,"loc":{"start":{"line":83,"column":53},"end":{"line":85,"column":3}},"locations":[{"start":{"line":83,"column":53},"end":{"line":85,"column":3}}]},"17":{"type":"branch","line":86,"loc":{"start":{"line":86,"column":-1},"end":{"line":88,"column":2}},"locations":[{"start":{"line":86,"column":-1},"end":{"line":88,"column":2}}]},"18":{"type":"branch","line":90,"loc":{"start":{"line":90,"column":9},"end":{"line":96,"column":2}},"locations":[{"start":{"line":90,"column":9},"end":{"line":96,"column":2}}]},"19":{"type":"branch","line":91,"loc":{"start":{"line":91,"column":52},"end":{"line":93,"column":3}},"locations":[{"start":{"line":91,"column":52},"end":{"line":93,"column":3}}]},"20":{"type":"branch","line":94,"loc":{"start":{"line":94,"column":-1},"end":{"line":96,"column":2}},"locations":[{"start":{"line":94,"column":-1},"end":{"line":96,"column":2}}]}},"b":{"0":[6],"1":[6],"2":[5],"3":[3],"4":[1],"5":[4],"6":[2],"7":[2],"8":[4],"9":[6],"10":[1],"11":[5],"12":[4],"13":[25],"14":[25],"15":[4],"16":[1],"17":[3],"18":[4],"19":[3],"20":[1]},"fnMap":{"0":{"name":"GetMonthReport","decl":{"start":{"line":21,"column":1},"end":{"line":21,"column":59}},"loc":{"start":{"line":21,"column":1},"end":{"line":21,"column":59}},"line":21},"1":{"name":"execute","decl":{"start":{"line":23,"column":7},"end":{"line":62,"column":2}},"loc":{"start":{"line":23,"column":7},"end":{"line":62,"column":2}},"line":23},"2":{"name":"getTimeSheets","decl":{"start":{"line":64,"column":15},"end":{"line":71,"column":2}},"loc":{"start":{"line":64,"column":15},"end":{"line":71,"column":2}},"line":64},"3":{"name":"calcWorkedHours","decl":{"start":{"line":73,"column":9},"end":{"line":80,"column":2}},"loc":{"start":{"line":73,"column":9},"end":{"line":80,"column":2}},"line":73},"4":{"name":"calcOvertimeHours","decl":{"start":{"line":82,"column":9},"end":{"line":88,"column":2}},"loc":{"start":{"line":82,"column":9},"end":{"line":88,"column":2}},"line":82},"5":{"name":"calcOwedHours","decl":{"start":{"line":90,"column":9},"end":{"line":96,"column":2}},"loc":{"start":{"line":90,"column":9},"end":{"line":96,"column":2}},"line":90}},"f":{"0":6,"1":6,"2":6,"3":4,"4":4,"5":4}}
,"/Users/ygortorresgaleno/Documents/tests/ilia/src/domain/services/RegisterTimeSheet.ts": {"path":"/Users/ygortorresgaleno/Documents/tests/ilia/src/domain/services/RegisterTimeSheet.ts","all":false,"statementMap":{"0":{"start":{"line":1,"column":0},"end":{"line":1,"column":80}},"1":{"start":{"line":2,"column":0},"end":{"line":2,"column":78}},"2":{"start":{"line":3,"column":0},"end":{"line":3,"column":71}},"3":{"start":{"line":4,"column":0},"end":{"line":4,"column":48}},"4":{"start":{"line":5,"column":0},"end":{"line":5,"column":78}},"5":{"start":{"line":6,"column":0},"end":{"line":6,"column":48}},"6":{"start":{"line":7,"column":0},"end":{"line":7,"column":56}},"7":{"start":{"line":8,"column":0},"end":{"line":8,"column":54}},"8":{"start":{"line":9,"column":0},"end":{"line":9,"column":60}},"9":{"start":{"line":10,"column":0},"end":{"line":10,"column":50}},"10":{"start":{"line":11,"column":0},"end":{"line":11,"column":74}},"11":{"start":{"line":12,"column":0},"end":{"line":12,"column":0}},"12":{"start":{"line":13,"column":0},"end":{"line":13,"column":21}},"13":{"start":{"line":14,"column":0},"end":{"line":14,"column":42}},"14":{"start":{"line":15,"column":0},"end":{"line":15,"column":28}},"15":{"start":{"line":16,"column":0},"end":{"line":16,"column":2}},"16":{"start":{"line":17,"column":0},"end":{"line":17,"column":0}},"17":{"start":{"line":18,"column":0},"end":{"line":18,"column":105}},"18":{"start":{"line":19,"column":0},"end":{"line":19,"column":60}},"19":{"start":{"line":20,"column":0},"end":{"line":20,"column":0}},"20":{"start":{"line":21,"column":0},"end":{"line":21,"column":88}},"21":{"start":{"line":22,"column":0},"end":{"line":22,"column":49}},"22":{"start":{"line":23,"column":0},"end":{"line":23,"column":32}},"23":{"start":{"line":24,"column":0},"end":{"line":24,"column":0}},"24":{"start":{"line":25,"column":0},"end":{"line":25,"column":58}},"25":{"start":{"line":26,"column":0},"end":{"line":26,"column":18}},"26":{"start":{"line":27,"column":0},"end":{"line":27,"column":60}},"27":{"start":{"line":28,"column":0},"end":{"line":28,"column":56}},"28":{"start":{"line":29,"column":0},"end":{"line":29,"column":3}},"29":{"start":{"line":30,"column":0},"end":{"line":30,"column":0}},"30":{"start":{"line":31,"column":0},"end":{"line":31,"column":92}},"31":{"start":{"line":32,"column":0},"end":{"line":32,"column":8}},"32":{"start":{"line":33,"column":0},"end":{"line":33,"column":17}},"33":{"start":{"line":34,"column":0},"end":{"line":34,"column":27}},"34":{"start":{"line":35,"column":0},"end":{"line":35,"column":6}},"35":{"start":{"line":36,"column":0},"end":{"line":36,"column":0}},"36":{"start":{"line":37,"column":0},"end":{"line":37,"column":41}},"37":{"start":{"line":38,"column":0},"end":{"line":38,"column":30}},"38":{"start":{"line":39,"column":0},"end":{"line":39,"column":32}},"39":{"start":{"line":40,"column":0},"end":{"line":40,"column":5}},"40":{"start":{"line":41,"column":0},"end":{"line":41,"column":2}},"41":{"start":{"line":42,"column":0},"end":{"line":42,"column":0}},"42":{"start":{"line":43,"column":0},"end":{"line":43,"column":43}},"43":{"start":{"line":44,"column":0},"end":{"line":44,"column":38}},"44":{"start":{"line":45,"column":0},"end":{"line":45,"column":25}},"45":{"start":{"line":46,"column":0},"end":{"line":46,"column":25}},"46":{"start":{"line":47,"column":0},"end":{"line":47,"column":0}},"47":{"start":{"line":48,"column":0},"end":{"line":48,"column":49}},"48":{"start":{"line":49,"column":0},"end":{"line":49,"column":26}},"49":{"start":{"line":50,"column":0},"end":{"line":50,"column":3}},"50":{"start":{"line":51,"column":0},"end":{"line":51,"column":2}},"51":{"start":{"line":52,"column":0},"end":{"line":52,"column":0}},"52":{"start":{"line":53,"column":0},"end":{"line":53,"column":94}},"53":{"start":{"line":54,"column":0},"end":{"line":54,"column":77}},"54":{"start":{"line":55,"column":0},"end":{"line":55,"column":19}},"55":{"start":{"line":56,"column":0},"end":{"line":56,"column":2}},"56":{"start":{"line":57,"column":0},"end":{"line":57,"column":0}},"57":{"start":{"line":58,"column":0},"end":{"line":58,"column":84}},"58":{"start":{"line":59,"column":0},"end":{"line":59,"column":27}},"59":{"start":{"line":60,"column":0},"end":{"line":60,"column":49}},"60":{"start":{"line":61,"column":0},"end":{"line":61,"column":29}},"61":{"start":{"line":62,"column":0},"end":{"line":62,"column":3}},"62":{"start":{"line":63,"column":0},"end":{"line":63,"column":2}},"63":{"start":{"line":64,"column":0},"end":{"line":64,"column":0}},"64":{"start":{"line":65,"column":0},"end":{"line":65,"column":127}},"65":{"start":{"line":66,"column":0},"end":{"line":66,"column":63}},"66":{"start":{"line":67,"column":0},"end":{"line":67,"column":40}},"67":{"start":{"line":68,"column":0},"end":{"line":68,"column":82}},"68":{"start":{"line":69,"column":0},"end":{"line":69,"column":3}},"69":{"start":{"line":70,"column":0},"end":{"line":70,"column":0}},"70":{"start":{"line":71,"column":0},"end":{"line":71,"column":35}},"71":{"start":{"line":72,"column":0},"end":{"line":72,"column":27}},"72":{"start":{"line":73,"column":0},"end":{"line":73,"column":47}},"73":{"start":{"line":74,"column":0},"end":{"line":74,"column":42}},"74":{"start":{"line":75,"column":0},"end":{"line":75,"column":5}},"75":{"start":{"line":76,"column":0},"end":{"line":76,"column":64}},"76":{"start":{"line":77,"column":0},"end":{"line":77,"column":0}},"77":{"start":{"line":78,"column":0},"end":{"line":78,"column":81}},"78":{"start":{"line":79,"column":0},"end":{"line":79,"column":0}},"79":{"start":{"line":80,"column":0},"end":{"line":80,"column":88}},"80":{"start":{"line":81,"column":0},"end":{"line":81,"column":2}},"81":{"start":{"line":82,"column":0},"end":{"line":82,"column":0}},"82":{"start":{"line":83,"column":0},"end":{"line":83,"column":51}},"83":{"start":{"line":84,"column":0},"end":{"line":84,"column":31}},"84":{"start":{"line":85,"column":0},"end":{"line":85,"column":25}},"85":{"start":{"line":86,"column":0},"end":{"line":86,"column":65}},"86":{"start":{"line":87,"column":0},"end":{"line":87,"column":23}},"87":{"start":{"line":88,"column":0},"end":{"line":88,"column":5}},"88":{"start":{"line":89,"column":0},"end":{"line":89,"column":0}},"89":{"start":{"line":90,"column":0},"end":{"line":90,"column":28}},"90":{"start":{"line":91,"column":0},"end":{"line":91,"column":58}},"91":{"start":{"line":92,"column":0},"end":{"line":92,"column":53}},"92":{"start":{"line":93,"column":0},"end":{"line":93,"column":25}},"93":{"start":{"line":94,"column":0},"end":{"line":94,"column":7}},"94":{"start":{"line":95,"column":0},"end":{"line":95,"column":17}},"95":{"start":{"line":96,"column":0},"end":{"line":96,"column":6}},"96":{"start":{"line":97,"column":0},"end":{"line":97,"column":4}},"97":{"start":{"line":98,"column":0},"end":{"line":98,"column":3}},"98":{"start":{"line":99,"column":0},"end":{"line":99,"column":0}},"99":{"start":{"line":100,"column":0},"end":{"line":100,"column":21}},"100":{"start":{"line":101,"column":0},"end":{"line":101,"column":2}},"101":{"start":{"line":102,"column":0},"end":{"line":102,"column":0}},"102":{"start":{"line":103,"column":0},"end":{"line":103,"column":93}},"103":{"start":{"line":104,"column":0},"end":{"line":104,"column":61}},"104":{"start":{"line":105,"column":0},"end":{"line":105,"column":0}},"105":{"start":{"line":106,"column":0},"end":{"line":106,"column":26}},"106":{"start":{"line":107,"column":0},"end":{"line":107,"column":41}},"107":{"start":{"line":108,"column":0},"end":{"line":108,"column":3}},"108":{"start":{"line":109,"column":0},"end":{"line":109,"column":2}},"109":{"start":{"line":110,"column":0},"end":{"line":110,"column":0}},"110":{"start":{"line":111,"column":0},"end":{"line":111,"column":63}},"111":{"start":{"line":112,"column":0},"end":{"line":112,"column":49}},"112":{"start":{"line":113,"column":0},"end":{"line":113,"column":4}},"113":{"start":{"line":114,"column":0},"end":{"line":114,"column":22}},"114":{"start":{"line":115,"column":0},"end":{"line":115,"column":45}},"115":{"start":{"line":116,"column":0},"end":{"line":116,"column":27}},"116":{"start":{"line":117,"column":0},"end":{"line":117,"column":51}},"117":{"start":{"line":118,"column":0},"end":{"line":118,"column":25}},"118":{"start":{"line":119,"column":0},"end":{"line":119,"column":19}},"119":{"start":{"line":120,"column":0},"end":{"line":120,"column":4}},"120":{"start":{"line":121,"column":0},"end":{"line":121,"column":31}},"121":{"start":{"line":122,"column":0},"end":{"line":122,"column":30}},"122":{"start":{"line":123,"column":0},"end":{"line":123,"column":3}},"123":{"start":{"line":124,"column":0},"end":{"line":124,"column":2}},"124":{"start":{"line":125,"column":0},"end":{"line":125,"column":1}}},"s":{"0":1,"1":1,"2":1,"3":1,"4":1,"5":1,"6":1,"7":1,"8":1,"9":1,"10":1,"11":1,"12":1,"13":1,"14":1,"15":1,"16":1,"17":1,"18":1,"19":1,"20":1,"21":7,"22":7,"23":7,"24":7,"25":7,"26":5,"27":5,"28":5,"29":1,"30":1,"31":1,"32":1,"33":1,"34":1,"35":1,"36":1,"37":1,"38":1,"39":1,"40":1,"41":1,"42":1,"43":7,"44":7,"45":7,"46":7,"47":7,"48":1,"49":1,"50":7,"51":1,"52":1,"53":6,"54":6,"55":6,"56":1,"57":1,"58":5,"59":5,"60":1,"61":1,"62":5,"63":1,"64":1,"65":4,"66":4,"67":2,"68":2,"69":2,"70":2,"71":2,"72":2,"73":2,"74":2,"75":2,"76":2,"77":2,"78":2,"79":2,"80":2,"81":1,"82":1,"83":2,"84":2,"85":2,"86":2,"87":2,"88":2,"89":2,"90":1,"91":1,"92":1,"93":1,"94":1,"95":1,"96":1,"97":2,"98":2,"99":2,"100":2,"101":1,"102":1,"103":4,"104":4,"105":4,"106":1,"107":1,"108":4,"109":1,"110":1,"111":2,"112":2,"113":2,"114":2,"115":2,"116":2,"117":2,"118":2,"119":2,"120":2,"121":1,"122":1,"123":2,"124":1},"branchMap":{"0":{"type":"branch","line":19,"loc":{"start":{"line":19,"column":1},"end":{"line":19,"column":60}},"locations":[{"start":{"line":19,"column":1},"end":{"line":19,"column":60}}]},"1":{"type":"branch","line":21,"loc":{"start":{"line":21,"column":7},"end":{"line":41,"column":2}},"locations":[{"start":{"line":21,"column":7},"end":{"line":41,"column":2}}]},"2":{"type":"branch","line":26,"loc":{"start":{"line":26,"column":-1},"end":{"line":26,"column":17}},"locations":[{"start":{"line":26,"column":-1},"end":{"line":26,"column":17}}]},"3":{"type":"branch","line":26,"loc":{"start":{"line":26,"column":17},"end":{"line":29,"column":3}},"locations":[{"start":{"line":26,"column":17},"end":{"line":29,"column":3}}]},"4":{"type":"branch","line":30,"loc":{"start":{"line":30,"column":-1},"end":{"line":41,"column":2}},"locations":[{"start":{"line":30,"column":-1},"end":{"line":41,"column":2}}]},"5":{"type":"branch","line":43,"loc":{"start":{"line":43,"column":9},"end":{"line":51,"column":2}},"locations":[{"start":{"line":43,"column":9},"end":{"line":51,"column":2}}]},"6":{"type":"branch","line":48,"loc":{"start":{"line":48,"column":24},"end":{"line":48,"column":46}},"locations":[{"start":{"line":48,"column":24},"end":{"line":48,"column":46}}]},"7":{"type":"branch","line":48,"loc":{"start":{"line":48,"column":48},"end":{"line":50,"column":3}},"locations":[{"start":{"line":48,"column":48},"end":{"line":50,"column":3}}]},"8":{"type":"branch","line":53,"loc":{"start":{"line":53,"column":15},"end":{"line":56,"column":2}},"locations":[{"start":{"line":53,"column":15},"end":{"line":56,"column":2}}]},"9":{"type":"branch","line":58,"loc":{"start":{"line":58,"column":9},"end":{"line":63,"column":2}},"locations":[{"start":{"line":58,"column":9},"end":{"line":63,"column":2}}]},"10":{"type":"branch","line":60,"loc":{"start":{"line":60,"column":48},"end":{"line":62,"column":3}},"locations":[{"start":{"line":60,"column":48},"end":{"line":62,"column":3}}]},"11":{"type":"branch","line":65,"loc":{"start":{"line":65,"column":15},"end":{"line":81,"column":2}},"locations":[{"start":{"line":65,"column":15},"end":{"line":81,"column":2}}]},"12":{"type":"branch","line":67,"loc":{"start":{"line":67,"column":39},"end":{"line":81,"column":2}},"locations":[{"start":{"line":67,"column":39},"end":{"line":81,"column":2}}]},"13":{"type":"branch","line":83,"loc":{"start":{"line":83,"column":9},"end":{"line":101,"column":2}},"locations":[{"start":{"line":83,"column":9},"end":{"line":101,"column":2}}]},"14":{"type":"branch","line":90,"loc":{"start":{"line":90,"column":27},"end":{"line":97,"column":4}},"locations":[{"start":{"line":90,"column":27},"end":{"line":97,"column":4}}]},"15":{"type":"branch","line":103,"loc":{"start":{"line":103,"column":9},"end":{"line":109,"column":2}},"locations":[{"start":{"line":103,"column":9},"end":{"line":109,"column":2}}]},"16":{"type":"branch","line":106,"loc":{"start":{"line":106,"column":25},"end":{"line":108,"column":3}},"locations":[{"start":{"line":106,"column":25},"end":{"line":108,"column":3}}]},"17":{"type":"branch","line":104,"loc":{"start":{"line":104,"column":44},"end":{"line":104,"column":59}},"locations":[{"start":{"line":104,"column":44},"end":{"line":104,"column":59}}]},"18":{"type":"branch","line":111,"loc":{"start":{"line":111,"column":9},"end":{"line":124,"column":2}},"locations":[{"start":{"line":111,"column":9},"end":{"line":124,"column":2}}]},"19":{"type":"branch","line":121,"loc":{"start":{"line":121,"column":30},"end":{"line":123,"column":3}},"locations":[{"start":{"line":121,"column":30},"end":{"line":123,"column":3}}]}},"b":{"0":[3],"1":[7],"2":[6],"3":[5],"4":[1],"5":[7],"6":[6],"7":[1],"8":[6],"9":[5],"10":[1],"11":[4],"12":[2],"13":[2],"14":[1],"15":[4],"16":[1],"17":[6],"18":[2],"19":[1]},"fnMap":{"0":{"name":"RegisterTimeSheet","decl":{"start":{"line":19,"column":1},"end":{"line":19,"column":60}},"loc":{"start":{"line":19,"column":1},"end":{"line":19,"column":60}},"line":19},"1":{"name":"execute","decl":{"start":{"line":21,"column":7},"end":{"line":41,"column":2}},"loc":{"start":{"line":21,"column":7},"end":{"line":41,"column":2}},"line":21},"2":{"name":"verifyIfIsValidDay","decl":{"start":{"line":43,"column":9},"end":{"line":51,"column":2}},"loc":{"start":{"line":43,"column":9},"end":{"line":51,"column":2}},"line":43},"3":{"name":"getTimeSheetFromDate","decl":{"start":{"line":53,"column":15},"end":{"line":56,"column":2}},"loc":{"start":{"line":53,"column":15},"end":{"line":56,"column":2}},"line":53},"4":{"name":"verifyIfHasFourSchedulesAlreadyRegisterd","decl":{"start":{"line":58,"column":9},"end":{"line":63,"column":2}},"loc":{"start":{"line":58,"column":9},"end":{"line":63,"column":2}},"line":58},"5":{"name":"updateExistingTimeSheet","decl":{"start":{"line":65,"column":15},"end":{"line":81,"column":2}},"loc":{"start":{"line":65,"column":15},"end":{"line":81,"column":2}},"line":65},"6":{"name":"calcWorkedHours","decl":{"start":{"line":83,"column":9},"end":{"line":101,"column":2}},"loc":{"start":{"line":83,"column":9},"end":{"line":101,"column":2}},"line":83},"7":{"name":"verifyIfTimeRecordAlreadyRegistered","decl":{"start":{"line":103,"column":9},"end":{"line":109,"column":2}},"loc":{"start":{"line":103,"column":9},"end":{"line":109,"column":2}},"line":103},"8":{"name":"verifyIfNewTimeRecordHasMoreThanFourHoursOfLastRecord","decl":{"start":{"line":111,"column":9},"end":{"line":124,"column":2}},"loc":{"start":{"line":111,"column":9},"end":{"line":124,"column":2}},"line":111}},"f":{"0":3,"1":7,"2":7,"3":6,"4":5,"5":4,"6":2,"7":4,"8":2}}
,"/Users/ygortorresgaleno/Documents/tests/ilia/src/domain/utils/HoursManagerAdapter.ts": {"path":"/Users/ygortorresgaleno/Documents/tests/ilia/src/domain/utils/HoursManagerAdapter.ts","all":false,"statementMap":{"0":{"start":{"line":1,"column":0},"end":{"line":1,"column":60}},"1":{"start":{"line":2,"column":0},"end":{"line":2,"column":0}},"2":{"start":{"line":3,"column":0},"end":{"line":3,"column":58}},"3":{"start":{"line":4,"column":0},"end":{"line":4,"column":57}},"4":{"start":{"line":5,"column":0},"end":{"line":5,"column":100}},"5":{"start":{"line":6,"column":0},"end":{"line":6,"column":106}},"6":{"start":{"line":7,"column":0},"end":{"line":7,"column":106}},"7":{"start":{"line":8,"column":0},"end":{"line":8,"column":0}},"8":{"start":{"line":9,"column":0},"end":{"line":9,"column":55}},"9":{"start":{"line":10,"column":0},"end":{"line":10,"column":28}},"10":{"start":{"line":11,"column":0},"end":{"line":11,"column":31}},"11":{"start":{"line":12,"column":0},"end":{"line":12,"column":28}},"12":{"start":{"line":13,"column":0},"end":{"line":13,"column":31}},"13":{"start":{"line":14,"column":0},"end":{"line":14,"column":21}},"14":{"start":{"line":15,"column":0},"end":{"line":15,"column":0}},"15":{"start":{"line":16,"column":0},"end":{"line":16,"column":12}},"16":{"start":{"line":17,"column":0},"end":{"line":17,"column":36}},"17":{"start":{"line":18,"column":0},"end":{"line":18,"column":6}},"18":{"start":{"line":19,"column":0},"end":{"line":19,"column":38}},"19":{"start":{"line":20,"column":0},"end":{"line":20,"column":6}},"20":{"start":{"line":21,"column":0},"end":{"line":21,"column":38}},"21":{"start":{"line":22,"column":0},"end":{"line":22,"column":5}},"22":{"start":{"line":23,"column":0},"end":{"line":23,"column":2}},"23":{"start":{"line":24,"column":0},"end":{"line":24,"column":0}},"24":{"start":{"line":25,"column":0},"end":{"line":25,"column":49}},"25":{"start":{"line":26,"column":0},"end":{"line":26,"column":43}},"26":{"start":{"line":27,"column":0},"end":{"line":27,"column":43}},"27":{"start":{"line":28,"column":0},"end":{"line":28,"column":0}},"28":{"start":{"line":29,"column":0},"end":{"line":29,"column":40}},"29":{"start":{"line":30,"column":0},"end":{"line":30,"column":67}},"30":{"start":{"line":31,"column":0},"end":{"line":31,"column":63}},"31":{"start":{"line":32,"column":0},"end":{"line":32,"column":0}},"32":{"start":{"line":33,"column":0},"end":{"line":33,"column":16}},"33":{"start":{"line":34,"column":0},"end":{"line":34,"column":16}},"34":{"start":{"line":35,"column":0},"end":{"line":35,"column":0}},"35":{"start":{"line":36,"column":0},"end":{"line":36,"column":12}},"36":{"start":{"line":37,"column":0},"end":{"line":37,"column":36}},"37":{"start":{"line":38,"column":0},"end":{"line":38,"column":6}},"38":{"start":{"line":39,"column":0},"end":{"line":39,"column":38}},"39":{"start":{"line":40,"column":0},"end":{"line":40,"column":6}},"40":{"start":{"line":41,"column":0},"end":{"line":41,"column":38}},"41":{"start":{"line":42,"column":0},"end":{"line":42,"column":5}},"42":{"start":{"line":43,"column":0},"end":{"line":43,"column":2}},"43":{"start":{"line":44,"column":0},"end":{"line":44,"column":0}},"44":{"start":{"line":45,"column":0},"end":{"line":45,"column":66}},"45":{"start":{"line":46,"column":0},"end":{"line":46,"column":52}},"46":{"start":{"line":47,"column":0},"end":{"line":47,"column":84}},"47":{"start":{"line":48,"column":0},"end":{"line":48,"column":2}},"48":{"start":{"line":49,"column":0},"end":{"line":49,"column":1}}},"s":{"0":1,"1":1,"2":1,"3":1,"4":9,"5":9,"6":9,"7":9,"8":9,"9":9,"10":9,"11":9,"12":9,"13":9,"14":9,"15":9,"16":9,"17":9,"18":9,"19":9,"20":9,"21":9,"22":9,"23":1,"24":1,"25":26,"26":26,"27":26,"28":26,"29":26,"30":26,"31":26,"32":26,"33":26,"34":26,"35":26,"36":26,"37":26,"38":26,"39":26,"40":26,"41":26,"42":26,"43":1,"44":1,"45":70,"46":70,"47":70,"48":1},"branchMap":{"0":{"type":"branch","line":4,"loc":{"start":{"line":4,"column":1},"end":{"line":23,"column":2}},"locations":[{"start":{"line":4,"column":1},"end":{"line":23,"column":2}}]},"1":{"type":"branch","line":25,"loc":{"start":{"line":25,"column":1},"end":{"line":43,"column":2}},"locations":[{"start":{"line":25,"column":1},"end":{"line":43,"column":2}}]},"2":{"type":"branch","line":45,"loc":{"start":{"line":45,"column":9},"end":{"line":48,"column":2}},"locations":[{"start":{"line":45,"column":9},"end":{"line":48,"column":2}}]}},"b":{"0":[9],"1":[26],"2":[70]},"fnMap":{"0":{"name":"diffBetweenHours","decl":{"start":{"line":4,"column":1},"end":{"line":23,"column":2}},"loc":{"start":{"line":4,"column":1},"end":{"line":23,"column":2}},"line":4},"1":{"name":"sumHours","decl":{"start":{"line":25,"column":1},"end":{"line":43,"column":2}},"loc":{"start":{"line":25,"column":1},"end":{"line":43,"column":2}},"line":25},"2":{"name":"parseHourToObject","decl":{"start":{"line":45,"column":9},"end":{"line":48,"column":2}},"loc":{"start":{"line":45,"column":9},"end":{"line":48,"column":2}},"line":45}},"f":{"0":9,"1":26,"2":70}}
,"/Users/ygortorresgaleno/Documents/tests/ilia/src/infrastructure/LoggerAdapter.ts": {"path":"/Users/ygortorresgaleno/Documents/tests/ilia/src/infrastructure/LoggerAdapter.ts","all":false,"statementMap":{"0":{"start":{"line":1,"column":0},"end":{"line":1,"column":61}},"1":{"start":{"line":2,"column":0},"end":{"line":2,"column":0}},"2":{"start":{"line":3,"column":0},"end":{"line":3,"column":46}},"3":{"start":{"line":4,"column":0},"end":{"line":4,"column":107}},"4":{"start":{"line":5,"column":0},"end":{"line":5,"column":55}},"5":{"start":{"line":6,"column":0},"end":{"line":6,"column":2}},"6":{"start":{"line":7,"column":0},"end":{"line":7,"column":1}}},"s":{"0":1,"1":1,"2":1,"3":1,"4":2,"5":2,"6":1},"branchMap":{"0":{"type":"branch","line":4,"loc":{"start":{"line":4,"column":1},"end":{"line":6,"column":2}},"locations":[{"start":{"line":4,"column":1},"end":{"line":6,"column":2}}]}},"b":{"0":[2]},"fnMap":{"0":{"name":"call","decl":{"start":{"line":4,"column":1},"end":{"line":6,"column":2}},"loc":{"start":{"line":4,"column":1},"end":{"line":6,"column":2}},"line":4}},"f":{"0":2}}
,"/Users/ygortorresgaleno/Documents/tests/ilia/src/presentation/controllers/GetMonthReportController.ts": {"path":"/Users/ygortorresgaleno/Documents/tests/ilia/src/presentation/controllers/GetMonthReportController.ts","all":false,"statementMap":{"0":{"start":{"line":1,"column":0},"end":{"line":1,"column":80}},"1":{"start":{"line":2,"column":0},"end":{"line":2,"column":64}},"2":{"start":{"line":3,"column":0},"end":{"line":3,"column":66}},"3":{"start":{"line":4,"column":0},"end":{"line":4,"column":73}},"4":{"start":{"line":5,"column":0},"end":{"line":5,"column":85}},"5":{"start":{"line":6,"column":0},"end":{"line":6,"column":48}},"6":{"start":{"line":7,"column":0},"end":{"line":7,"column":68}},"7":{"start":{"line":8,"column":0},"end":{"line":8,"column":53}},"8":{"start":{"line":9,"column":0},"end":{"line":9,"column":0}},"9":{"start":{"line":10,"column":0},"end":{"line":10,"column":20}},"10":{"start":{"line":11,"column":0},"end":{"line":11,"column":32}},"11":{"start":{"line":12,"column":0},"end":{"line":12,"column":41}},"12":{"start":{"line":13,"column":0},"end":{"line":13,"column":16}},"13":{"start":{"line":14,"column":0},"end":{"line":14,"column":2}},"14":{"start":{"line":15,"column":0},"end":{"line":15,"column":0}},"15":{"start":{"line":16,"column":0},"end":{"line":16,"column":61}},"16":{"start":{"line":17,"column":0},"end":{"line":17,"column":59}},"17":{"start":{"line":18,"column":0},"end":{"line":18,"column":0}},"18":{"start":{"line":19,"column":0},"end":{"line":19,"column":52}},"19":{"start":{"line":20,"column":0},"end":{"line":20,"column":7}},"20":{"start":{"line":21,"column":0},"end":{"line":21,"column":61}},"21":{"start":{"line":22,"column":0},"end":{"line":22,"column":0}},"22":{"start":{"line":23,"column":0},"end":{"line":23,"column":98}},"23":{"start":{"line":24,"column":0},"end":{"line":24,"column":50}},"24":{"start":{"line":25,"column":0},"end":{"line":25,"column":7}},"25":{"start":{"line":26,"column":0},"end":{"line":26,"column":0}},"26":{"start":{"line":27,"column":0},"end":{"line":27,"column":50}},"27":{"start":{"line":28,"column":0},"end":{"line":28,"column":28}},"28":{"start":{"line":29,"column":0},"end":{"line":29,"column":41}},"29":{"start":{"line":30,"column":0},"end":{"line":30,"column":51}},"30":{"start":{"line":31,"column":0},"end":{"line":31,"column":4}},"31":{"start":{"line":32,"column":0},"end":{"line":32,"column":0}},"32":{"start":{"line":33,"column":0},"end":{"line":33,"column":40}},"33":{"start":{"line":34,"column":0},"end":{"line":34,"column":48}},"34":{"start":{"line":35,"column":0},"end":{"line":35,"column":4}},"35":{"start":{"line":36,"column":0},"end":{"line":36,"column":0}},"36":{"start":{"line":37,"column":0},"end":{"line":37,"column":30}},"37":{"start":{"line":38,"column":0},"end":{"line":38,"column":33}},"38":{"start":{"line":39,"column":0},"end":{"line":39,"column":12}},"39":{"start":{"line":40,"column":0},"end":{"line":40,"column":31}},"40":{"start":{"line":41,"column":0},"end":{"line":41,"column":16}},"41":{"start":{"line":42,"column":0},"end":{"line":42,"column":32}},"42":{"start":{"line":43,"column":0},"end":{"line":43,"column":5}},"43":{"start":{"line":44,"column":0},"end":{"line":44,"column":0}},"44":{"start":{"line":45,"column":0},"end":{"line":45,"column":46}},"45":{"start":{"line":46,"column":0},"end":{"line":46,"column":3}},"46":{"start":{"line":47,"column":0},"end":{"line":47,"column":2}},"47":{"start":{"line":48,"column":0},"end":{"line":48,"column":1}}},"s":{"0":1,"1":1,"2":1,"3":1,"4":1,"5":1,"6":1,"7":1,"8":1,"9":1,"10":1,"11":1,"12":1,"13":1,"14":1,"15":1,"16":1,"17":1,"18":1,"19":4,"20":4,"21":4,"22":4,"23":4,"24":4,"25":1,"26":1,"27":4,"28":3,"29":1,"30":1,"31":2,"32":3,"33":1,"34":1,"35":1,"36":1,"37":1,"38":1,"39":1,"40":1,"41":1,"42":1,"43":1,"44":1,"45":1,"46":4,"47":1},"branchMap":{"0":{"type":"branch","line":17,"loc":{"start":{"line":17,"column":1},"end":{"line":17,"column":59}},"locations":[{"start":{"line":17,"column":1},"end":{"line":17,"column":59}}]},"1":{"type":"branch","line":19,"loc":{"start":{"line":19,"column":7},"end":{"line":47,"column":2}},"locations":[{"start":{"line":19,"column":7},"end":{"line":47,"column":2}}]},"2":{"type":"branch","line":26,"loc":{"start":{"line":26,"column":-1},"end":{"line":28,"column":11}},"locations":[{"start":{"line":26,"column":-1},"end":{"line":28,"column":11}}]},"3":{"type":"branch","line":28,"loc":{"start":{"line":28,"column":4},"end":{"line":46,"column":3}},"locations":[{"start":{"line":28,"column":4},"end":{"line":46,"column":3}}]},"4":{"type":"branch","line":29,"loc":{"start":{"line":29,"column":40},"end":{"line":31,"column":4}},"locations":[{"start":{"line":29,"column":40},"end":{"line":31,"column":4}}]},"5":{"type":"branch","line":32,"loc":{"start":{"line":32,"column":-1},"end":{"line":33,"column":39}},"locations":[{"start":{"line":32,"column":-1},"end":{"line":33,"column":39}}]},"6":{"type":"branch","line":33,"loc":{"start":{"line":33,"column":39},"end":{"line":46,"column":3}},"locations":[{"start":{"line":33,"column":39},"end":{"line":46,"column":3}}]}},"b":{"0":[4],"1":[4],"2":[1],"3":[3],"4":[1],"5":[2],"6":[1]},"fnMap":{"0":{"name":"GetMonthReportController","decl":{"start":{"line":17,"column":1},"end":{"line":17,"column":59}},"loc":{"start":{"line":17,"column":1},"end":{"line":17,"column":59}},"line":17},"1":{"name":"handle","decl":{"start":{"line":19,"column":7},"end":{"line":47,"column":2}},"loc":{"start":{"line":19,"column":7},"end":{"line":47,"column":2}},"line":19}},"f":{"0":4,"1":4}}
,"/Users/ygortorresgaleno/Documents/tests/ilia/src/presentation/controllers/RegisterTimeSheetController.ts": {"path":"/Users/ygortorresgaleno/Documents/tests/ilia/src/presentation/controllers/RegisterTimeSheetController.ts","all":false,"statementMap":{"0":{"start":{"line":1,"column":0},"end":{"line":1,"column":85}},"1":{"start":{"line":2,"column":0},"end":{"line":2,"column":88}},"2":{"start":{"line":3,"column":0},"end":{"line":3,"column":58}},"3":{"start":{"line":4,"column":0},"end":{"line":4,"column":66}},"4":{"start":{"line":5,"column":0},"end":{"line":5,"column":64}},"5":{"start":{"line":6,"column":0},"end":{"line":6,"column":79}},"6":{"start":{"line":7,"column":0},"end":{"line":7,"column":85}},"7":{"start":{"line":8,"column":0},"end":{"line":8,"column":53}},"8":{"start":{"line":9,"column":0},"end":{"line":9,"column":64}},"9":{"start":{"line":10,"column":0},"end":{"line":10,"column":68}},"10":{"start":{"line":11,"column":0},"end":{"line":11,"column":48}},"11":{"start":{"line":12,"column":0},"end":{"line":12,"column":0}},"12":{"start":{"line":13,"column":0},"end":{"line":13,"column":21}},"13":{"start":{"line":14,"column":0},"end":{"line":14,"column":38}},"14":{"start":{"line":15,"column":0},"end":{"line":15,"column":36}},"15":{"start":{"line":16,"column":0},"end":{"line":16,"column":16}},"16":{"start":{"line":17,"column":0},"end":{"line":17,"column":2}},"17":{"start":{"line":18,"column":0},"end":{"line":18,"column":0}},"18":{"start":{"line":19,"column":0},"end":{"line":19,"column":64}},"19":{"start":{"line":20,"column":0},"end":{"line":20,"column":60}},"20":{"start":{"line":21,"column":0},"end":{"line":21,"column":0}},"21":{"start":{"line":22,"column":0},"end":{"line":22,"column":52}},"22":{"start":{"line":23,"column":0},"end":{"line":23,"column":7}},"23":{"start":{"line":24,"column":0},"end":{"line":24,"column":56}},"24":{"start":{"line":25,"column":0},"end":{"line":25,"column":0}},"25":{"start":{"line":26,"column":0},"end":{"line":26,"column":57}},"26":{"start":{"line":27,"column":0},"end":{"line":27,"column":43}},"27":{"start":{"line":28,"column":0},"end":{"line":28,"column":6}},"28":{"start":{"line":29,"column":0},"end":{"line":29,"column":0}},"29":{"start":{"line":30,"column":0},"end":{"line":30,"column":88}},"30":{"start":{"line":31,"column":0},"end":{"line":31,"column":48}},"31":{"start":{"line":32,"column":0},"end":{"line":32,"column":28}},"32":{"start":{"line":33,"column":0},"end":{"line":33,"column":7}},"33":{"start":{"line":34,"column":0},"end":{"line":34,"column":34}},"34":{"start":{"line":35,"column":0},"end":{"line":35,"column":46}},"35":{"start":{"line":36,"column":0},"end":{"line":36,"column":50}},"36":{"start":{"line":37,"column":0},"end":{"line":37,"column":49}},"37":{"start":{"line":38,"column":0},"end":{"line":38,"column":6}},"38":{"start":{"line":39,"column":0},"end":{"line":39,"column":48}},"39":{"start":{"line":40,"column":0},"end":{"line":40,"column":4}},"40":{"start":{"line":41,"column":0},"end":{"line":41,"column":0}},"41":{"start":{"line":42,"column":0},"end":{"line":42,"column":52}},"42":{"start":{"line":43,"column":0},"end":{"line":43,"column":46}},"43":{"start":{"line":44,"column":0},"end":{"line":44,"column":4}},"44":{"start":{"line":45,"column":0},"end":{"line":45,"column":0}},"45":{"start":{"line":46,"column":0},"end":{"line":46,"column":30}},"46":{"start":{"line":47,"column":0},"end":{"line":47,"column":33}},"47":{"start":{"line":48,"column":0},"end":{"line":48,"column":12}},"48":{"start":{"line":49,"column":0},"end":{"line":49,"column":34}},"49":{"start":{"line":50,"column":0},"end":{"line":50,"column":16}},"50":{"start":{"line":51,"column":0},"end":{"line":51,"column":32}},"51":{"start":{"line":52,"column":0},"end":{"line":52,"column":5}},"52":{"start":{"line":53,"column":0},"end":{"line":53,"column":0}},"53":{"start":{"line":54,"column":0},"end":{"line":54,"column":46}},"54":{"start":{"line":55,"column":0},"end":{"line":55,"column":3}},"55":{"start":{"line":56,"column":0},"end":{"line":56,"column":2}},"56":{"start":{"line":57,"column":0},"end":{"line":57,"column":1}}},"s":{"0":1,"1":1,"2":1,"3":1,"4":1,"5":1,"6":1,"7":1,"8":1,"9":1,"10":1,"11":1,"12":1,"13":1,"14":1,"15":1,"16":1,"17":1,"18":1,"19":1,"20":1,"21":1,"22":9,"23":9,"24":9,"25":9,"26":9,"27":9,"28":9,"29":9,"30":1,"31":9,"32":8,"33":8,"34":8,"35":8,"36":8,"37":8,"38":6,"39":6,"40":2,"41":8,"42":1,"43":1,"44":1,"45":1,"46":1,"47":1,"48":1,"49":1,"50":1,"51":1,"52":1,"53":1,"54":1,"55":9,"56":1},"branchMap":{"0":{"type":"branch","line":20,"loc":{"start":{"line":20,"column":1},"end":{"line":20,"column":60}},"locations":[{"start":{"line":20,"column":1},"end":{"line":20,"column":60}}]},"1":{"type":"branch","line":22,"loc":{"start":{"line":22,"column":7},"end":{"line":56,"column":2}},"locations":[{"start":{"line":22,"column":7},"end":{"line":56,"column":2}}]},"2":{"type":"branch","line":31,"loc":{"start":{"line":31,"column":-1},"end":{"line":32,"column":11}},"locations":[{"start":{"line":31,"column":-1},"end":{"line":32,"column":11}}]},"3":{"type":"branch","line":32,"loc":{"start":{"line":32,"column":4},"end":{"line":55,"column":3}},"locations":[{"start":{"line":32,"column":4},"end":{"line":55,"column":3}}]},"4":{"type":"branch","line":35,"loc":{"start":{"line":35,"column":19},"end":{"line":35,"column":46}},"locations":[{"start":{"line":35,"column":19},"end":{"line":35,"column":46}}]},"5":{"type":"branch","line":36,"loc":{"start":{"line":36,"column":19},"end":{"line":36,"column":50}},"locations":[{"start":{"line":36,"column":19},"end":{"line":36,"column":50}}]},"6":{"type":"branch","line":37,"loc":{"start":{"line":37,"column":19},"end":{"line":37,"column":49}},"locations":[{"start":{"line":37,"column":19},"end":{"line":37,"column":49}}]},"7":{"type":"branch","line":38,"loc":{"start":{"line":38,"column":5},"end":{"line":40,"column":4}},"locations":[{"start":{"line":38,"column":5},"end":{"line":40,"column":4}}]},"8":{"type":"branch","line":41,"loc":{"start":{"line":41,"column":-1},"end":{"line":42,"column":51}},"locations":[{"start":{"line":41,"column":-1},"end":{"line":42,"column":51}}]},"9":{"type":"branch","line":42,"loc":{"start":{"line":42,"column":51},"end":{"line":55,"column":3}},"locations":[{"start":{"line":42,"column":51},"end":{"line":55,"column":3}}]}},"b":{"0":[2],"1":[9],"2":[1],"3":[8],"4":[5],"5":[4],"6":[3],"7":[6],"8":[2],"9":[1]},"fnMap":{"0":{"name":"RegisterTimeSheetController","decl":{"start":{"line":20,"column":1},"end":{"line":20,"column":60}},"loc":{"start":{"line":20,"column":1},"end":{"line":20,"column":60}},"line":20},"1":{"name":"handle","decl":{"start":{"line":22,"column":7},"end":{"line":56,"column":2}},"loc":{"start":{"line":22,"column":7},"end":{"line":56,"column":2}},"line":22}},"f":{"0":2,"1":9}}
,"/Users/ygortorresgaleno/Documents/tests/ilia/src/presentation/request_validator/ValidateGetMonthParameter.ts": {"path":"/Users/ygortorresgaleno/Documents/tests/ilia/src/presentation/request_validator/ValidateGetMonthParameter.ts","all":false,"statementMap":{"0":{"start":{"line":1,"column":0},"end":{"line":1,"column":64}},"1":{"start":{"line":2,"column":0},"end":{"line":2,"column":53}},"2":{"start":{"line":3,"column":0},"end":{"line":3,"column":68}},"3":{"start":{"line":4,"column":0},"end":{"line":4,"column":0}},"4":{"start":{"line":5,"column":0},"end":{"line":5,"column":68}},"5":{"start":{"line":6,"column":0},"end":{"line":6,"column":29}},"6":{"start":{"line":7,"column":0},"end":{"line":7,"column":37}},"7":{"start":{"line":8,"column":0},"end":{"line":8,"column":6}},"8":{"start":{"line":9,"column":0},"end":{"line":9,"column":45}},"9":{"start":{"line":10,"column":0},"end":{"line":10,"column":61}},"10":{"start":{"line":11,"column":0},"end":{"line":11,"column":5}},"11":{"start":{"line":12,"column":0},"end":{"line":12,"column":28}},"12":{"start":{"line":13,"column":0},"end":{"line":13,"column":24}},"13":{"start":{"line":14,"column":0},"end":{"line":14,"column":24}},"14":{"start":{"line":15,"column":0},"end":{"line":15,"column":6}},"15":{"start":{"line":16,"column":0},"end":{"line":16,"column":3}},"16":{"start":{"line":17,"column":0},"end":{"line":17,"column":2}},"17":{"start":{"line":18,"column":0},"end":{"line":18,"column":1}}},"s":{"0":1,"1":1,"2":1,"3":1,"4":1,"5":1,"6":4,"7":4,"8":4,"9":4,"10":4,"11":1,"12":1,"13":1,"14":1,"15":1,"16":4,"17":1},"branchMap":{"0":{"type":"branch","line":6,"loc":{"start":{"line":6,"column":1},"end":{"line":17,"column":2}},"locations":[{"start":{"line":6,"column":1},"end":{"line":17,"column":2}}]},"1":{"type":"branch","line":11,"loc":{"start":{"line":11,"column":4},"end":{"line":16,"column":3}},"locations":[{"start":{"line":11,"column":4},"end":{"line":16,"column":3}}]}},"b":{"0":[4],"1":[1]},"fnMap":{"0":{"name":"validate","decl":{"start":{"line":6,"column":1},"end":{"line":17,"column":2}},"loc":{"start":{"line":6,"column":1},"end":{"line":17,"column":2}},"line":6}},"f":{"0":4}}
,"/Users/ygortorresgaleno/Documents/tests/ilia/src/presentation/request_validator/ValidateRegisterTimeSheetBody.ts": {"path":"/Users/ygortorresgaleno/Documents/tests/ilia/src/presentation/request_validator/ValidateRegisterTimeSheetBody.ts","all":false,"statementMap":{"0":{"start":{"line":1,"column":0},"end":{"line":1,"column":64}},"1":{"start":{"line":2,"column":0},"end":{"line":2,"column":53}},"2":{"start":{"line":3,"column":0},"end":{"line":3,"column":68}},"3":{"start":{"line":4,"column":0},"end":{"line":4,"column":0}},"4":{"start":{"line":5,"column":0},"end":{"line":5,"column":72}},"5":{"start":{"line":6,"column":0},"end":{"line":6,"column":29}},"6":{"start":{"line":7,"column":0},"end":{"line":7,"column":73}},"7":{"start":{"line":8,"column":0},"end":{"line":8,"column":28}},"8":{"start":{"line":9,"column":0},"end":{"line":9,"column":23}},"9":{"start":{"line":10,"column":0},"end":{"line":10,"column":32}},"10":{"start":{"line":11,"column":0},"end":{"line":11,"column":6}},"11":{"start":{"line":12,"column":0},"end":{"line":12,"column":3}},"12":{"start":{"line":13,"column":0},"end":{"line":13,"column":0}},"13":{"start":{"line":14,"column":0},"end":{"line":14,"column":72}},"14":{"start":{"line":15,"column":0},"end":{"line":15,"column":47}},"15":{"start":{"line":16,"column":0},"end":{"line":16,"column":28}},"16":{"start":{"line":17,"column":0},"end":{"line":17,"column":28}},"17":{"start":{"line":18,"column":0},"end":{"line":18,"column":30}},"18":{"start":{"line":19,"column":0},"end":{"line":19,"column":6}},"19":{"start":{"line":20,"column":0},"end":{"line":20,"column":3}},"20":{"start":{"line":21,"column":0},"end":{"line":21,"column":0}},"21":{"start":{"line":22,"column":0},"end":{"line":22,"column":6}},"22":{"start":{"line":23,"column":0},"end":{"line":23,"column":70}},"23":{"start":{"line":24,"column":0},"end":{"line":24,"column":64}},"24":{"start":{"line":25,"column":0},"end":{"line":25,"column":5}},"25":{"start":{"line":26,"column":0},"end":{"line":26,"column":28}},"26":{"start":{"line":27,"column":0},"end":{"line":27,"column":24}},"27":{"start":{"line":28,"column":0},"end":{"line":28,"column":24}},"28":{"start":{"line":29,"column":0},"end":{"line":29,"column":6}},"29":{"start":{"line":30,"column":0},"end":{"line":30,"column":3}},"30":{"start":{"line":31,"column":0},"end":{"line":31,"column":2}},"31":{"start":{"line":32,"column":0},"end":{"line":32,"column":1}}},"s":{"0":1,"1":1,"2":1,"3":1,"4":1,"5":1,"6":9,"7":1,"8":1,"9":1,"10":1,"11":1,"12":8,"13":8,"14":9,"15":1,"16":1,"17":1,"18":1,"19":1,"20":7,"21":7,"22":7,"23":9,"24":9,"25":1,"26":1,"27":1,"28":1,"29":1,"30":9,"31":1},"branchMap":{"0":{"type":"branch","line":6,"loc":{"start":{"line":6,"column":1},"end":{"line":31,"column":2}},"locations":[{"start":{"line":6,"column":1},"end":{"line":31,"column":2}}]},"1":{"type":"branch","line":7,"loc":{"start":{"line":7,"column":72},"end":{"line":12,"column":3}},"locations":[{"start":{"line":7,"column":72},"end":{"line":12,"column":3}}]},"2":{"type":"branch","line":13,"loc":{"start":{"line":13,"column":-1},"end":{"line":15,"column":46}},"locations":[{"start":{"line":13,"column":-1},"end":{"line":15,"column":46}}]},"3":{"type":"branch","line":15,"loc":{"start":{"line":15,"column":46},"end":{"line":20,"column":3}},"locations":[{"start":{"line":15,"column":46},"end":{"line":20,"column":3}}]},"4":{"type":"branch","line":21,"loc":{"start":{"line":21,"column":-1},"end":{"line":24,"column":20}},"locations":[{"start":{"line":21,"column":-1},"end":{"line":24,"column":20}}]},"5":{"type":"branch","line":24,"loc":{"start":{"line":24,"column":15},"end":{"line":24,"column":64}},"locations":[{"start":{"line":24,"column":15},"end":{"line":24,"column":64}}]},"6":{"type":"branch","line":25,"loc":{"start":{"line":25,"column":4},"end":{"line":30,"column":3}},"locations":[{"start":{"line":25,"column":4},"end":{"line":30,"column":3}}]}},"b":{"0":[9],"1":[1],"2":[8],"3":[1],"4":[7],"5":[6],"6":[1]},"fnMap":{"0":{"name":"validate","decl":{"start":{"line":6,"column":1},"end":{"line":31,"column":2}},"loc":{"start":{"line":6,"column":1},"end":{"line":31,"column":2}},"line":6}},"f":{"0":9}}
,"/Users/ygortorresgaleno/Documents/tests/ilia/src/presentation/utils/ResponseUtils.ts": {"path":"/Users/ygortorresgaleno/Documents/tests/ilia/src/presentation/utils/ResponseUtils.ts","all":false,"statementMap":{"0":{"start":{"line":1,"column":0},"end":{"line":1,"column":54}},"1":{"start":{"line":2,"column":0},"end":{"line":2,"column":0}},"2":{"start":{"line":3,"column":0},"end":{"line":3,"column":28}},"3":{"start":{"line":4,"column":0},"end":{"line":4,"column":54}},"4":{"start":{"line":5,"column":0},"end":{"line":5,"column":10}},"5":{"start":{"line":6,"column":0},"end":{"line":6,"column":19}},"6":{"start":{"line":7,"column":0},"end":{"line":7,"column":8}},"7":{"start":{"line":8,"column":0},"end":{"line":8,"column":4}},"8":{"start":{"line":9,"column":0},"end":{"line":9,"column":2}},"9":{"start":{"line":10,"column":0},"end":{"line":10,"column":0}},"10":{"start":{"line":11,"column":0},"end":{"line":11,"column":43}},"11":{"start":{"line":12,"column":0},"end":{"line":12,"column":10}},"12":{"start":{"line":13,"column":0},"end":{"line":13,"column":19}},"13":{"start":{"line":14,"column":0},"end":{"line":14,"column":8}},"14":{"start":{"line":15,"column":0},"end":{"line":15,"column":4}},"15":{"start":{"line":16,"column":0},"end":{"line":16,"column":2}},"16":{"start":{"line":17,"column":0},"end":{"line":17,"column":0}},"17":{"start":{"line":18,"column":0},"end":{"line":18,"column":44}},"18":{"start":{"line":19,"column":0},"end":{"line":19,"column":10}},"19":{"start":{"line":20,"column":0},"end":{"line":20,"column":19}},"20":{"start":{"line":21,"column":0},"end":{"line":21,"column":26}},"21":{"start":{"line":22,"column":0},"end":{"line":22,"column":4}},"22":{"start":{"line":23,"column":0},"end":{"line":23,"column":2}},"23":{"start":{"line":24,"column":0},"end":{"line":24,"column":0}},"24":{"start":{"line":25,"column":0},"end":{"line":25,"column":47}},"25":{"start":{"line":26,"column":0},"end":{"line":26,"column":10}},"26":{"start":{"line":27,"column":0},"end":{"line":27,"column":19}},"27":{"start":{"line":28,"column":0},"end":{"line":28,"column":26}},"28":{"start":{"line":29,"column":0},"end":{"line":29,"column":4}},"29":{"start":{"line":30,"column":0},"end":{"line":30,"column":2}},"30":{"start":{"line":31,"column":0},"end":{"line":31,"column":0}},"31":{"start":{"line":32,"column":0},"end":{"line":32,"column":42}},"32":{"start":{"line":33,"column":0},"end":{"line":33,"column":10}},"33":{"start":{"line":34,"column":0},"end":{"line":34,"column":19}},"34":{"start":{"line":35,"column":0},"end":{"line":35,"column":26}},"35":{"start":{"line":36,"column":0},"end":{"line":36,"column":4}},"36":{"start":{"line":37,"column":0},"end":{"line":37,"column":2}},"37":{"start":{"line":38,"column":0},"end":{"line":38,"column":0}},"38":{"start":{"line":39,"column":0},"end":{"line":39,"column":41}},"39":{"start":{"line":40,"column":0},"end":{"line":40,"column":10}},"40":{"start":{"line":41,"column":0},"end":{"line":41,"column":19}},"41":{"start":{"line":42,"column":0},"end":{"line":42,"column":45}},"42":{"start":{"line":43,"column":0},"end":{"line":43,"column":4}},"43":{"start":{"line":44,"column":0},"end":{"line":44,"column":2}},"44":{"start":{"line":45,"column":0},"end":{"line":45,"column":1}}},"s":{"0":1,"1":1,"2":1,"3":1,"4":1,"5":1,"6":1,"7":1,"8":1,"9":1,"10":1,"11":1,"12":1,"13":1,"14":1,"15":1,"16":1,"17":1,"18":14,"19":14,"20":14,"21":14,"22":14,"23":1,"24":1,"25":2,"26":2,"27":2,"28":2,"29":2,"30":1,"31":1,"32":2,"33":2,"34":2,"35":2,"36":2,"37":1,"38":1,"39":4,"40":4,"41":4,"42":4,"43":4,"44":1},"branchMap":{"0":{"type":"branch","line":4,"loc":{"start":{"line":4,"column":8},"end":{"line":9,"column":2}},"locations":[{"start":{"line":4,"column":8},"end":{"line":9,"column":2}}]},"1":{"type":"branch","line":11,"loc":{"start":{"line":11,"column":8},"end":{"line":16,"column":2}},"locations":[{"start":{"line":11,"column":8},"end":{"line":16,"column":2}}]},"2":{"type":"branch","line":18,"loc":{"start":{"line":18,"column":8},"end":{"line":23,"column":2}},"locations":[{"start":{"line":18,"column":8},"end":{"line":23,"column":2}}]},"3":{"type":"branch","line":25,"loc":{"start":{"line":25,"column":8},"end":{"line":30,"column":2}},"locations":[{"start":{"line":25,"column":8},"end":{"line":30,"column":2}}]},"4":{"type":"branch","line":32,"loc":{"start":{"line":32,"column":8},"end":{"line":37,"column":2}},"locations":[{"start":{"line":32,"column":8},"end":{"line":37,"column":2}}]},"5":{"type":"branch","line":39,"loc":{"start":{"line":39,"column":8},"end":{"line":44,"column":2}},"locations":[{"start":{"line":39,"column":8},"end":{"line":44,"column":2}}]}},"b":{"0":[1],"1":[1],"2":[14],"3":[2],"4":[2],"5":[4]},"fnMap":{"0":{"name":"success","decl":{"start":{"line":4,"column":8},"end":{"line":9,"column":2}},"loc":{"start":{"line":4,"column":8},"end":{"line":9,"column":2}},"line":4},"1":{"name":"created","decl":{"start":{"line":11,"column":8},"end":{"line":16,"column":2}},"loc":{"start":{"line":11,"column":8},"end":{"line":16,"column":2}},"line":11},"2":{"name":"badRequest","decl":{"start":{"line":18,"column":8},"end":{"line":23,"column":2}},"loc":{"start":{"line":18,"column":8},"end":{"line":23,"column":2}},"line":18},"3":{"name":"notFoundError","decl":{"start":{"line":25,"column":8},"end":{"line":30,"column":2}},"loc":{"start":{"line":25,"column":8},"end":{"line":30,"column":2}},"line":25},"4":{"name":"conflict","decl":{"start":{"line":32,"column":8},"end":{"line":37,"column":2}},"loc":{"start":{"line":32,"column":8},"end":{"line":37,"column":2}},"line":32},"5":{"name":"internalServerError","decl":{"start":{"line":39,"column":8},"end":{"line":44,"column":2}},"loc":{"start":{"line":39,"column":8},"end":{"line":44,"column":2}},"line":39}},"f":{"0":1,"1":1,"2":14,"3":2,"4":2,"5":4}}
}
