TN:
SF:src/domain/dtos/GetMonthReportInputDto.ts
FN:4,GetMonthReportInputDto
FNF:1
FNH:1
FNDA:8,GetMonthReportInputDto
DA:1,1
DA:2,1
DA:3,1
DA:4,1
DA:5,8
DA:6,8
DA:7,1
LF:7
LH:7
BRDA:4,0,0,8
BRF:1
BRH:1
end_of_record
TN:
SF:src/domain/dtos/GetMonthReportOutputDto.ts
FN:11,GetMonthReportOutputDto
FN:19,get ptBr
FNF:2
FNH:2
FNDA:5,GetMonthReportOutputDto
FNDA:1,get ptBr
DA:1,1
DA:2,1
DA:3,1
DA:4,1
DA:5,1
DA:6,1
DA:7,1
DA:8,1
DA:9,1
DA:10,1
DA:11,1
DA:12,5
DA:13,5
DA:14,5
DA:15,5
DA:16,5
DA:17,5
DA:18,1
DA:19,1
DA:20,1
DA:21,1
DA:22,1
DA:23,1
DA:24,1
DA:25,1
DA:26,1
DA:27,1
DA:28,1
LF:28
LH:28
BRDA:11,0,0,5
BRDA:19,1,0,1
BRDA:25,2,0,1
BRF:3
BRH:3
end_of_record
TN:
SF:src/domain/dtos/MonthReportDatabaseDto.ts
FN:10,MonthReportDatabaseDto
FNF:1
FNH:1
FNDA:7,MonthReportDatabaseDto
DA:1,1
DA:2,1
DA:3,1
DA:4,1
DA:5,1
DA:6,1
DA:7,1
DA:8,1
DA:9,1
DA:10,1
DA:11,7
DA:12,7
DA:13,7
DA:14,7
DA:15,7
DA:16,7
DA:17,7
DA:18,1
LF:18
LH:18
BRDA:10,0,0,7
BRF:1
BRH:1
end_of_record
TN:
SF:src/domain/dtos/RegisterTimeSheetInputDto.ts
FN:4,RegisterTimeShetInputDto
FNF:1
FNH:1
FNDA:13,RegisterTimeShetInputDto
DA:1,1
DA:2,1
DA:3,1
DA:4,1
DA:5,13
DA:6,13
DA:7,1
LF:7
LH:7
BRDA:4,0,0,13
BRF:1
BRH:1
end_of_record
TN:
SF:src/domain/dtos/RegisterTimeSheetOutputDto.ts
FN:7,RegisterTimeSheetOutputDto
FN:12,get ptBr
FNF:2
FNH:2
FNDA:4,RegisterTimeSheetOutputDto
FNDA:1,get ptBr
DA:1,1
DA:2,1
DA:3,1
DA:4,1
DA:5,1
DA:6,1
DA:7,1
DA:8,4
DA:9,4
DA:10,4
DA:11,1
DA:12,1
DA:13,1
DA:14,1
DA:15,1
DA:16,1
DA:17,1
DA:18,1
LF:18
LH:18
BRDA:7,0,0,4
BRDA:12,1,0,1
BRF:2
BRH:2
end_of_record
TN:
SF:src/domain/dtos/TimeSheetDatabaseDto.ts
FN:8,TimeSheetDatabaseDto
FNF:1
FNH:1
FNDA:13,TimeSheetDatabaseDto
DA:1,1
DA:2,1
DA:3,1
DA:4,1
DA:5,1
DA:6,1
DA:7,1
DA:8,1
DA:9,13
DA:10,13
DA:11,13
DA:12,13
DA:13,13
DA:14,1
LF:14
LH:14
BRDA:8,0,0,13
BRF:1
BRH:1
end_of_record
TN:
SF:src/domain/entities/MonthReport.ts
FN:11,MonthReport
FN:20,get toSnakeCase
FNF:2
FNH:2
FNDA:4,MonthReport
FNDA:2,get toSnakeCase
DA:1,1
DA:2,1
DA:3,1
DA:4,1
DA:5,1
DA:6,1
DA:7,1
DA:8,1
DA:9,1
DA:10,1
DA:11,1
DA:12,4
DA:13,4
DA:14,4
DA:15,4
DA:16,4
DA:17,4
DA:18,4
DA:19,1
DA:20,1
DA:21,2
DA:22,2
DA:23,2
DA:24,2
DA:25,2
DA:26,2
DA:27,2
DA:28,2
DA:29,1
LF:29
LH:29
BRDA:11,0,0,4
BRDA:20,1,0,2
BRF:2
BRH:2
end_of_record
TN:
SF:src/domain/entities/TimeSheet.ts
FN:8,TimeSheet
FN:15,get toSnakeCase
FNF:2
FNH:2
FNDA:3,TimeSheet
FNDA:1,get toSnakeCase
DA:1,1
DA:2,1
DA:3,1
DA:4,1
DA:5,1
DA:6,1
DA:7,1
DA:8,1
DA:9,3
DA:10,3
DA:11,3
DA:12,3
DA:13,3
DA:14,1
DA:15,1
DA:16,1
DA:17,1
DA:18,1
DA:19,1
DA:20,1
DA:21,1
DA:22,1
LF:22
LH:22
BRDA:8,0,0,3
BRDA:15,1,0,1
BRF:2
BRH:2
end_of_record
TN:
SF:src/domain/errors/InvalidDay.ts
FN:4,InvalidDay
FN:8,get ptBr
FNF:2
FNH:2
FNDA:2,InvalidDay
FNDA:2,get ptBr
DA:1,1
DA:2,1
DA:3,1
DA:4,1
DA:5,2
DA:6,2
DA:7,1
DA:8,1
DA:9,2
DA:10,2
DA:11,1
LF:11
LH:11
BRDA:4,0,0,2
BRDA:8,1,0,2
BRF:2
BRH:2
end_of_record
TN:
SF:src/domain/errors/InvalidFormat.ts
FN:6,InvalidFormat
FN:11,get ptBr
FNF:2
FNH:2
FNDA:8,InvalidFormat
FNDA:8,get ptBr
DA:1,1
DA:2,1
DA:3,1
DA:4,1
DA:5,1
DA:6,1
DA:7,8
DA:8,8
DA:9,8
DA:10,1
DA:11,1
DA:12,8
DA:13,8
DA:14,1
LF:14
LH:14
BRDA:6,0,0,8
BRDA:11,1,0,8
BRF:2
BRH:2
end_of_record
TN:
SF:src/domain/errors/InvalidHourGap.ts
FN:4,InvalidHourGap
FN:8,get ptBr
FNF:2
FNH:2
FNDA:2,InvalidHourGap
FNDA:2,get ptBr
DA:1,1
DA:2,1
DA:3,1
DA:4,1
DA:5,2
DA:6,2
DA:7,1
DA:8,1
DA:9,2
DA:10,2
DA:11,1
LF:11
LH:11
BRDA:4,0,0,2
BRDA:8,1,0,2
BRF:2
BRH:2
end_of_record
TN:
SF:src/domain/errors/ReportNotFound.ts
FN:4,ReportNotFound
FN:8,get ptBr
FNF:2
FNH:2
FNDA:2,ReportNotFound
FNDA:2,get ptBr
DA:1,1
DA:2,1
DA:3,1
DA:4,1
DA:5,2
DA:6,2
DA:7,1
DA:8,1
DA:9,2
DA:10,2
DA:11,1
LF:11
LH:11
BRDA:4,0,0,2
BRDA:8,1,0,2
BRF:2
BRH:2
end_of_record
TN:
SF:src/domain/errors/ScheduleAlreadyRegistered.ts
FN:4,ScheduleAlreadyRegistered
FN:8,get ptBr
FNF:2
FNH:2
FNDA:2,ScheduleAlreadyRegistered
FNDA:2,get ptBr
DA:1,1
DA:2,1
DA:3,1
DA:4,1
DA:5,2
DA:6,2
DA:7,1
DA:8,1
DA:9,2
DA:10,2
DA:11,1
LF:11
LH:11
BRDA:4,0,0,2
BRDA:8,1,0,2
BRF:2
BRH:2
end_of_record
TN:
SF:src/domain/errors/ScheduleLimit.ts
FN:4,ScheduleLimit
FN:8,get ptBr
FNF:2
FNH:2
FNDA:2,ScheduleLimit
FNDA:2,get ptBr
DA:1,1
DA:2,1
DA:3,1
DA:4,1
DA:5,2
DA:6,2
DA:7,1
DA:8,1
DA:9,2
DA:10,2
DA:11,1
LF:11
LH:11
BRDA:4,0,0,2
BRDA:8,1,0,2
BRF:2
BRH:2
end_of_record
TN:
SF:src/domain/protocols/Entity.ts
FN:2,convertFieldsToSnakeCase
FNF:1
FNH:1
FNDA:3,convertFieldsToSnakeCase
DA:1,1
DA:2,1
DA:3,3
DA:4,3
DA:5,13
DA:6,3
DA:7,3
DA:8,3
DA:9,1
LF:9
LH:9
BRDA:2,0,0,3
BRDA:4,1,0,13
BRDA:5,2,0,9
BRDA:7,3,0,13
BRF:4
BRH:4
end_of_record
TN:
SF:src/domain/services/GetMonthReport.ts
FN:21,GetMonthReport
FN:23,execute
FN:64,getTimeSheets
FN:73,calcWorkedHours
FN:82,calcOvertimeHours
FN:90,calcOwedHours
FNF:6
FNH:6
FNDA:6,GetMonthReport
FNDA:6,execute
FNDA:6,getTimeSheets
FNDA:4,calcWorkedHours
FNDA:4,calcOvertimeHours
FNDA:4,calcOwedHours
DA:1,1
DA:2,1
DA:3,1
DA:4,1
DA:5,1
DA:6,1
DA:7,1
DA:8,1
DA:9,1
DA:10,1
DA:11,1
DA:12,1
DA:13,1
DA:14,1
DA:15,1
DA:16,1
DA:17,1
DA:18,1
DA:19,1
DA:20,1
DA:21,1
DA:22,1
DA:23,1
DA:24,6
DA:25,5
DA:26,5
DA:27,5
DA:28,6
DA:29,1
DA:30,1
DA:31,1
DA:32,1
DA:33,1
DA:34,1
DA:35,1
DA:36,1
DA:37,1
DA:38,4
DA:39,4
DA:40,4
DA:41,4
DA:42,4
DA:43,4
DA:44,4
DA:45,4
DA:46,4
DA:47,4
DA:48,4
DA:49,4
DA:50,4
DA:51,6
DA:52,2
DA:53,2
DA:54,2
DA:55,2
DA:56,2
DA:57,4
DA:58,4
DA:59,4
DA:60,4
DA:61,4
DA:62,4
DA:63,1
DA:64,1
DA:65,6
DA:66,6
DA:67,1
DA:68,1
DA:69,5
DA:70,5
DA:71,5
DA:72,1
DA:73,1
DA:74,4
DA:75,4
DA:76,4
DA:77,4
DA:78,4
DA:79,4
DA:80,4
DA:81,1
DA:82,1
DA:83,4
DA:84,1
DA:85,1
DA:86,3
DA:87,3
DA:88,3
DA:89,1
DA:90,1
DA:91,4
DA:92,3
DA:93,3
DA:94,1
DA:95,1
DA:96,1
DA:97,1
LF:97
LH:97
BRDA:21,0,0,6
BRDA:23,1,0,6
BRDA:25,2,0,5
BRDA:28,3,0,3
BRDA:28,4,0,1
BRDA:38,5,0,4
BRDA:51,6,0,2
BRDA:51,7,0,2
BRDA:57,8,0,4
BRDA:64,9,0,6
BRDA:66,10,0,1
BRDA:69,11,0,5
BRDA:73,12,0,4
BRDA:75,13,0,25
BRDA:77,14,0,25
BRDA:82,15,0,4
BRDA:83,16,0,1
BRDA:86,17,0,3
BRDA:90,18,0,4
BRDA:91,19,0,3
BRDA:94,20,0,1
BRF:21
BRH:21
end_of_record
TN:
SF:src/domain/services/RegisterTimeSheet.ts
FN:19,RegisterTimeSheet
FN:21,execute
FN:43,verifyIfIsValidDay
FN:53,getTimeSheetFromDate
FN:58,verifyIfHasFourSchedulesAlreadyRegisterd
FN:65,updateExistingTimeSheet
FN:83,calcWorkedHours
FN:103,verifyIfTimeRecordAlreadyRegistered
FN:111,verifyIfNewTimeRecordHasMoreThanFourHoursOfLastRecord
FNF:9
FNH:9
FNDA:3,RegisterTimeSheet
FNDA:7,execute
FNDA:7,verifyIfIsValidDay
FNDA:6,getTimeSheetFromDate
FNDA:5,verifyIfHasFourSchedulesAlreadyRegisterd
FNDA:4,updateExistingTimeSheet
FNDA:2,calcWorkedHours
FNDA:4,verifyIfTimeRecordAlreadyRegistered
FNDA:2,verifyIfNewTimeRecordHasMoreThanFourHoursOfLastRecord
DA:1,1
DA:2,1
DA:3,1
DA:4,1
DA:5,1
DA:6,1
DA:7,1
DA:8,1
DA:9,1
DA:10,1
DA:11,1
DA:12,1
DA:13,1
DA:14,1
DA:15,1
DA:16,1
DA:17,1
DA:18,1
DA:19,1
DA:20,1
DA:21,1
DA:22,7
DA:23,7
DA:24,7
DA:25,7
DA:26,7
DA:27,5
DA:28,5
DA:29,5
DA:30,1
DA:31,1
DA:32,1
DA:33,1
DA:34,1
DA:35,1
DA:36,1
DA:37,1
DA:38,1
DA:39,1
DA:40,1
DA:41,1
DA:42,1
DA:43,1
DA:44,7
DA:45,7
DA:46,7
DA:47,7
DA:48,7
DA:49,1
DA:50,1
DA:51,7
DA:52,1
DA:53,1
DA:54,6
DA:55,6
DA:56,6
DA:57,1
DA:58,1
DA:59,5
DA:60,5
DA:61,1
DA:62,1
DA:63,5
DA:64,1
DA:65,1
DA:66,4
DA:67,4
DA:68,2
DA:69,2
DA:70,2
DA:71,2
DA:72,2
DA:73,2
DA:74,2
DA:75,2
DA:76,2
DA:77,2
DA:78,2
DA:79,2
DA:80,2
DA:81,2
DA:82,1
DA:83,1
DA:84,2
DA:85,2
DA:86,2
DA:87,2
DA:88,2
DA:89,2
DA:90,2
DA:91,1
DA:92,1
DA:93,1
DA:94,1
DA:95,1
DA:96,1
DA:97,1
DA:98,2
DA:99,2
DA:100,2
DA:101,2
DA:102,1
DA:103,1
DA:104,4
DA:105,4
DA:106,4
DA:107,1
DA:108,1
DA:109,4
DA:110,1
DA:111,1
DA:112,2
DA:113,2
DA:114,2
DA:115,2
DA:116,2
DA:117,2
DA:118,2
DA:119,2
DA:120,2
DA:121,2
DA:122,1
DA:123,1
DA:124,2
DA:125,1
LF:125
LH:125
BRDA:19,0,0,3
BRDA:21,1,0,7
BRDA:26,2,0,6
BRDA:26,3,0,5
BRDA:30,4,0,1
BRDA:43,5,0,7
BRDA:48,6,0,6
BRDA:48,7,0,1
BRDA:53,8,0,6
BRDA:58,9,0,5
BRDA:60,10,0,1
BRDA:65,11,0,4
BRDA:67,12,0,2
BRDA:83,13,0,2
BRDA:90,14,0,1
BRDA:103,15,0,4
BRDA:106,16,0,1
BRDA:104,17,0,6
BRDA:111,18,0,2
BRDA:121,19,0,1
BRF:20
BRH:20
end_of_record
TN:
SF:src/domain/utils/HoursManagerAdapter.ts
FN:4,diffBetweenHours
FN:25,sumHours
FN:45,parseHourToObject
FNF:3
FNH:3
FNDA:9,diffBetweenHours
FNDA:26,sumHours
FNDA:70,parseHourToObject
DA:1,1
DA:2,1
DA:3,1
DA:4,1
DA:5,9
DA:6,9
DA:7,9
DA:8,9
DA:9,9
DA:10,9
DA:11,9
DA:12,9
DA:13,9
DA:14,9
DA:15,9
DA:16,9
DA:17,9
DA:18,9
DA:19,9
DA:20,9
DA:21,9
DA:22,9
DA:23,9
DA:24,1
DA:25,1
DA:26,26
DA:27,26
DA:28,26
DA:29,26
DA:30,26
DA:31,26
DA:32,26
DA:33,26
DA:34,26
DA:35,26
DA:36,26
DA:37,26
DA:38,26
DA:39,26
DA:40,26
DA:41,26
DA:42,26
DA:43,26
DA:44,1
DA:45,1
DA:46,70
DA:47,70
DA:48,70
DA:49,1
LF:49
LH:49
BRDA:4,0,0,9
BRDA:25,1,0,26
BRDA:45,2,0,70
BRF:3
BRH:3
end_of_record
TN:
SF:src/infrastructure/LoggerAdapter.ts
FN:4,call
FNF:1
FNH:1
FNDA:2,call
DA:1,1
DA:2,1
DA:3,1
DA:4,1
DA:5,2
DA:6,2
DA:7,1
LF:7
LH:7
BRDA:4,0,0,2
BRF:1
BRH:1
end_of_record
TN:
SF:src/presentation/controllers/GetMonthReportController.ts
FN:17,GetMonthReportController
FN:19,handle
FNF:2
FNH:2
FNDA:4,GetMonthReportController
FNDA:4,handle
DA:1,1
DA:2,1
DA:3,1
DA:4,1
DA:5,1
DA:6,1
DA:7,1
DA:8,1
DA:9,1
DA:10,1
DA:11,1
DA:12,1
DA:13,1
DA:14,1
DA:15,1
DA:16,1
DA:17,1
DA:18,1
DA:19,1
DA:20,4
DA:21,4
DA:22,4
DA:23,4
DA:24,4
DA:25,4
DA:26,1
DA:27,1
DA:28,4
DA:29,3
DA:30,1
DA:31,1
DA:32,2
DA:33,3
DA:34,1
DA:35,1
DA:36,1
DA:37,1
DA:38,1
DA:39,1
DA:40,1
DA:41,1
DA:42,1
DA:43,1
DA:44,1
DA:45,1
DA:46,1
DA:47,4
DA:48,1
LF:48
LH:48
BRDA:17,0,0,4
BRDA:19,1,0,4
BRDA:26,2,0,1
BRDA:28,3,0,3
BRDA:29,4,0,1
BRDA:32,5,0,2
BRDA:33,6,0,1
BRF:7
BRH:7
end_of_record
TN:
SF:src/presentation/controllers/RegisterTimeSheetController.ts
FN:20,RegisterTimeSheetController
FN:22,handle
FNF:2
FNH:2
FNDA:2,RegisterTimeSheetController
FNDA:9,handle
DA:1,1
DA:2,1
DA:3,1
DA:4,1
DA:5,1
DA:6,1
DA:7,1
DA:8,1
DA:9,1
DA:10,1
DA:11,1
DA:12,1
DA:13,1
DA:14,1
DA:15,1
DA:16,1
DA:17,1
DA:18,1
DA:19,1
DA:20,1
DA:21,1
DA:22,1
DA:23,9
DA:24,9
DA:25,9
DA:26,9
DA:27,9
DA:28,9
DA:29,9
DA:30,9
DA:31,1
DA:32,9
DA:33,8
DA:34,8
DA:35,8
DA:36,8
DA:37,8
DA:38,8
DA:39,6
DA:40,6
DA:41,2
DA:42,8
DA:43,1
DA:44,1
DA:45,1
DA:46,1
DA:47,1
DA:48,1
DA:49,1
DA:50,1
DA:51,1
DA:52,1
DA:53,1
DA:54,1
DA:55,1
DA:56,9
DA:57,1
LF:57
LH:57
BRDA:20,0,0,2
BRDA:22,1,0,9
BRDA:31,2,0,1
BRDA:32,3,0,8
BRDA:35,4,0,5
BRDA:36,5,0,4
BRDA:37,6,0,3
BRDA:38,7,0,6
BRDA:41,8,0,2
BRDA:42,9,0,1
BRF:10
BRH:10
end_of_record
TN:
SF:src/presentation/request_validator/ValidateGetMonthParameter.ts
FN:6,validate
FNF:1
FNH:1
FNDA:4,validate
DA:1,1
DA:2,1
DA:3,1
DA:4,1
DA:5,1
DA:6,1
DA:7,4
DA:8,4
DA:9,4
DA:10,4
DA:11,4
DA:12,1
DA:13,1
DA:14,1
DA:15,1
DA:16,1
DA:17,4
DA:18,1
LF:18
LH:18
BRDA:6,0,0,4
BRDA:11,1,0,1
BRF:2
BRH:2
end_of_record
TN:
SF:src/presentation/request_validator/ValidateRegisterTimeSheetBody.ts
FN:6,validate
FNF:1
FNH:1
FNDA:9,validate
DA:1,1
DA:2,1
DA:3,1
DA:4,1
DA:5,1
DA:6,1
DA:7,9
DA:8,1
DA:9,1
DA:10,1
DA:11,1
DA:12,1
DA:13,8
DA:14,8
DA:15,9
DA:16,1
DA:17,1
DA:18,1
DA:19,1
DA:20,1
DA:21,7
DA:22,7
DA:23,7
DA:24,9
DA:25,9
DA:26,1
DA:27,1
DA:28,1
DA:29,1
DA:30,1
DA:31,9
DA:32,1
LF:32
LH:32
BRDA:6,0,0,9
BRDA:7,1,0,1
BRDA:13,2,0,8
BRDA:15,3,0,1
BRDA:21,4,0,7
BRDA:24,5,0,6
BRDA:25,6,0,1
BRF:7
BRH:7
end_of_record
TN:
SF:src/presentation/utils/ResponseUtils.ts
FN:4,success
FN:11,created
FN:18,badRequest
FN:25,notFoundError
FN:32,conflict
FN:39,internalServerError
FNF:6
FNH:6
FNDA:1,success
FNDA:1,created
FNDA:14,badRequest
FNDA:2,notFoundError
FNDA:2,conflict
FNDA:4,internalServerError
DA:1,1
DA:2,1
DA:3,1
DA:4,1
DA:5,1
DA:6,1
DA:7,1
DA:8,1
DA:9,1
DA:10,1
DA:11,1
DA:12,1
DA:13,1
DA:14,1
DA:15,1
DA:16,1
DA:17,1
DA:18,1
DA:19,14
DA:20,14
DA:21,14
DA:22,14
DA:23,14
DA:24,1
DA:25,1
DA:26,2
DA:27,2
DA:28,2
DA:29,2
DA:30,2
DA:31,1
DA:32,1
DA:33,2
DA:34,2
DA:35,2
DA:36,2
DA:37,2
DA:38,1
DA:39,1
DA:40,4
DA:41,4
DA:42,4
DA:43,4
DA:44,4
DA:45,1
LF:45
LH:45
BRDA:4,0,0,1
BRDA:11,1,0,1
BRDA:18,2,0,14
BRDA:25,3,0,2
BRDA:32,4,0,2
BRDA:39,5,0,4
BRF:6
BRH:6
end_of_record
